#
# There is insufficient memory for the Java Runtime Environment to continue.
# Native memory allocation (malloc) failed to allocate 267856 bytes for Chunk::new
# Possible reasons:
#   The system is out of physical RAM or swap space
#   The process is running with CompressedOops enabled, and the Java Heap may be blocking the growth of the native heap
# Possible solutions:
#   Reduce memory load on the system
#   Increase physical memory or swap space
#   Check if swap backing store is full
#   Decrease Java heap size (-Xmx/-Xms)
#   Decrease number of Java threads
#   Decrease Java thread stack sizes (-Xss)
#   Set larger code cache with -XX:ReservedCodeCacheSize=
#   JVM is running with Unscaled Compressed Oops mode in which the Java heap is
#     placed in the first 4GB address space. The Java Heap base address is the
#     maximum limit for the native heap growth. Please use -XX:HeapBaseMinAddress
#     to set the Java Heap base and to place the Java Heap above 4GB virtual address.
# This output file may be truncated or incomplete.
#
#  Out of Memory Error (arena.cpp:184), pid=17528, tid=11612
#
# JRE version: Java(TM) SE Runtime Environment (19.0.1+10) (build 19.0.1+10-21)
# Java VM: Java HotSpot(TM) 64-Bit Server VM (19.0.1+10-21, mixed mode, sharing, tiered, compressed oops, compressed class ptrs, g1 gc, windows-amd64)
# No core dump will be written. Minidumps are not enabled by default on client versions of Windows
#

---------------  S U M M A R Y ------------

Command Line: -ea -Didea.test.cyclic.buffer.size=1048576 -javaagent:C:\Program Files\JetBrains\IntelliJ IDEA Community Edition 2022.2.3\lib\idea_rt.jar=65270:C:\Program Files\JetBrains\IntelliJ IDEA Community Edition 2022.2.3\bin -Dfile.encoding=UTF-8 -Dsun.stdout.encoding=UTF-8 -Dsun.stderr.encoding=UTF-8 com.intellij.rt.testng.RemoteTestNGStarter -usedefaultlisteners false -socket65269 @w@C:\Users\anton\AppData\Local\Temp\idea_working_dirs_testng.tmp -temp C:\Users\anton\AppData\Local\Temp\idea_testng1.tmp

Host: 11th Gen Intel(R) Core(TM) i7-1165G7 @ 2.80GHz, 8 cores, 7G,  Windows 11 , 64 bit Build 22621 (10.0.22621.3085)
Time: Fri Mar  8 11:07:37 2024 SE Asia Standard Time elapsed time: 0.734749 seconds (0d 0h 0m 0s)

---------------  T H R E A D  ---------------

Current thread (0x000002a1a7ba35d0):  JavaThread "C2 CompilerThread0" daemon [_thread_in_native, id=11612, stack(0x000000eda4f00000,0x000000eda5000000)]


Current CompileTask:
C2:    735 1083       4       jdk.internal.org.objectweb.asm.SymbolTable::addConstantUtf8 (98 bytes)

Stack: [0x000000eda4f00000,0x000000eda5000000]
Native frames: (J=compiled Java code, j=interpreted, Vv=VM code, C=native code)
V  [jvm.dll+0x6ee8fa]
V  [jvm.dll+0x857a1e]
V  [jvm.dll+0x85940e]
V  [jvm.dll+0x859ac3]
V  [jvm.dll+0x28291f]
V  [jvm.dll+0xc9b5f]
V  [jvm.dll+0xc9ee5]
V  [jvm.dll+0x2f7c6f]
V  [jvm.dll+0x5f0c5b]
V  [jvm.dll+0x254d73]
V  [jvm.dll+0x24dd16]
V  [jvm.dll+0x24b563]
V  [jvm.dll+0x1d6d61]
V  [jvm.dll+0x25b0fa]
V  [jvm.dll+0x259588]
V  [jvm.dll+0x807928]
V  [jvm.dll+0x8015fa]
V  [jvm.dll+0x6ed5eb]
C  [ucrtbase.dll+0x29363]
C  [KERNEL32.DLL+0x1257d]
C  [ntdll.dll+0x5aa58]


---------------  P R O C E S S  ---------------

Threads class SMR info:
_java_thread_list=0x000002a1abf886a0, length=14, elements={
0x000002a188c097e0, 0x000002a1a7b93e40, 0x000002a1a7b94a30, 0x000002a1a7b958a0,
0x000002a1a7b9b1f0, 0x000002a1a7b9bb20, 0x000002a1a7ba1960, 0x000002a1a7ba35d0,
0x000002a1a7babf50, 0x000002a1a7bc3ce0, 0x000002a1abda46b0, 0x000002a1abe804c0,
0x000002a1abe80a00, 0x000002a1abf87dd0
}

Java Threads: ( => current thread )
  0x000002a188c097e0 JavaThread "main" [_thread_in_native, id=18540, stack(0x000000eda4200000,0x000000eda4300000)]
  0x000002a1a7b93e40 JavaThread "Reference Handler" daemon [_thread_blocked, id=4576, stack(0x000000eda4900000,0x000000eda4a00000)]
  0x000002a1a7b94a30 JavaThread "Finalizer" daemon [_thread_blocked, id=16640, stack(0x000000eda4a00000,0x000000eda4b00000)]
  0x000002a1a7b958a0 JavaThread "Signal Dispatcher" daemon [_thread_blocked, id=14964, stack(0x000000eda4b00000,0x000000eda4c00000)]
  0x000002a1a7b9b1f0 JavaThread "Attach Listener" daemon [_thread_blocked, id=16580, stack(0x000000eda4c00000,0x000000eda4d00000)]
  0x000002a1a7b9bb20 JavaThread "Service Thread" daemon [_thread_blocked, id=13472, stack(0x000000eda4d00000,0x000000eda4e00000)]
  0x000002a1a7ba1960 JavaThread "Monitor Deflation Thread" daemon [_thread_blocked, id=18760, stack(0x000000eda4e00000,0x000000eda4f00000)]
=>0x000002a1a7ba35d0 JavaThread "C2 CompilerThread0" daemon [_thread_in_native, id=11612, stack(0x000000eda4f00000,0x000000eda5000000)]
  0x000002a1a7babf50 JavaThread "C1 CompilerThread0" daemon [_thread_in_vm, id=17704, stack(0x000000eda5000000,0x000000eda5100000)]
  0x000002a1a7bc3ce0 JavaThread "Sweeper thread" daemon [_thread_blocked, id=16672, stack(0x000000eda5100000,0x000000eda5200000)]
  0x000002a1abda46b0 JavaThread "Common-Cleaner" daemon [_thread_blocked, id=9104, stack(0x000000eda5200000,0x000000eda5300000)]
  0x000002a1abe804c0 JavaThread "Monitor Ctrl-Break" daemon [_thread_in_native, id=8508, stack(0x000000eda5300000,0x000000eda5400000)]
  0x000002a1abe80a00 JavaThread "Notification Thread" daemon [_thread_blocked, id=20792, stack(0x000000eda5400000,0x000000eda5500000)]
  0x000002a1abf87dd0 JavaThread "C2 CompilerThread1" daemon [_thread_in_native, id=12956, stack(0x000000eda5600000,0x000000eda5700000)]

Other Threads:
  0x000002a1a7b78a60 VMThread "VM Thread" [stack: 0x000000eda4800000,0x000000eda4900000] [id=13388]
  0x000002a1abe80f40 WatcherThread "VM Periodic Task Thread" [stack: 0x000000eda5500000,0x000000eda5600000] [id=9648]
  0x000002a188c6a830 WorkerThread "GC Thread#0" [stack: 0x000000eda4300000,0x000000eda4400000] [id=2772]
  0x000002a188c7b050 ConcurrentGCThread "G1 Main Marker" [stack: 0x000000eda4400000,0x000000eda4500000] [id=1136]
  0x000002a188c7d2d0 WorkerThread "G1 Conc#0" [stack: 0x000000eda4500000,0x000000eda4600000] [id=9192]
  0x000002a188caeb50 ConcurrentGCThread "G1 Refine#0" [stack: 0x000000eda4600000,0x000000eda4700000] [id=14864]
  0x000002a1a7a33620 ConcurrentGCThread "G1 Service" [stack: 0x000000eda4700000,0x000000eda4800000] [id=10828]

Threads with active compile tasks:
C2 CompilerThread0      766 1083       4       jdk.internal.org.objectweb.asm.SymbolTable::addConstantUtf8 (98 bytes)
C1 CompilerThread0      766 1190       3       java.lang.invoke.DelegatingMethodHandle::makeReinvokerForm (344 bytes)
C2 CompilerThread1      766 1112       4       java.lang.String::startsWith (138 bytes)

VM state: not at safepoint (normal execution)

VM Mutex/Monitor currently owned by a thread: None

Heap address: 0x0000000083200000, size: 1998 MB, Compressed Oops mode: 32-bit

CDS archive(s) mapped at: [0x0000000800000000-0x0000000800c40000-0x0000000800c40000), size 12845056, SharedBaseAddress: 0x0000000800000000, ArchiveRelocationMode: 0.
Compressed class space mapped at: 0x0000000801000000-0x0000000841000000, reserved size: 1073741824
Narrow klass base: 0x0000000800000000, Narrow klass shift: 0, Narrow klass range: 0x100000000

GC Precious Log:
 CardTable entry size: 512
 Card Set container configuration: InlinePtr #cards 5 size 8 Array Of Cards #cards 12 size 40 Howl #buckets 4 coarsen threshold 1843 Howl Bitmap #cards 512 size 80 coarsen threshold 460 Card regions per heap region 1 cards per card region 2048
 CPUs: 8 total, 8 available
 Memory: 7991M
 Large Page Support: Disabled
 NUMA Support: Disabled
 Compressed Oops: Enabled (32-bit)
 Heap Region Size: 1M
 Heap Min Capacity: 8M
 Heap Initial Capacity: 126M
 Heap Max Capacity: 1998M
 Pre-touch: Disabled
 Parallel Workers: 8
 Concurrent Workers: 2
 Concurrent Refinement Workers: 8
 Periodic GC: Disabled

Heap:
 garbage-first heap   total 129024K, used 15360K [0x0000000083200000, 0x0000000100000000)
  region size 1024K, 16 young (16384K), 0 survivors (0K)
 Metaspace       used 5785K, committed 6080K, reserved 1114112K
  class space    used 617K, committed 768K, reserved 1048576K

Heap Regions: E=young(eden), S=young(survivor), O=old, HS=humongous(starts), HC=humongous(continues), CS=collection set, F=free, OA=open archive, CA=closed archive, TAMS=top-at-mark-start (previous, next)
|   0|0x0000000083200000, 0x0000000083200000, 0x0000000083300000|  0%| F|  |TAMS 0x0000000083200000, 0x0000000083200000| Untracked 
|   1|0x0000000083300000, 0x0000000083300000, 0x0000000083400000|  0%| F|  |TAMS 0x0000000083300000, 0x0000000083300000| Untracked 
|   2|0x0000000083400000, 0x0000000083400000, 0x0000000083500000|  0%| F|  |TAMS 0x0000000083400000, 0x0000000083400000| Untracked 
|   3|0x0000000083500000, 0x0000000083500000, 0x0000000083600000|  0%| F|  |TAMS 0x0000000083500000, 0x0000000083500000| Untracked 
|   4|0x0000000083600000, 0x0000000083600000, 0x0000000083700000|  0%| F|  |TAMS 0x0000000083600000, 0x0000000083600000| Untracked 
|   5|0x0000000083700000, 0x0000000083700000, 0x0000000083800000|  0%| F|  |TAMS 0x0000000083700000, 0x0000000083700000| Untracked 
|   6|0x0000000083800000, 0x0000000083800000, 0x0000000083900000|  0%| F|  |TAMS 0x0000000083800000, 0x0000000083800000| Untracked 
|   7|0x0000000083900000, 0x0000000083900000, 0x0000000083a00000|  0%| F|  |TAMS 0x0000000083900000, 0x0000000083900000| Untracked 
|   8|0x0000000083a00000, 0x0000000083a00000, 0x0000000083b00000|  0%| F|  |TAMS 0x0000000083a00000, 0x0000000083a00000| Untracked 
|   9|0x0000000083b00000, 0x0000000083b00000, 0x0000000083c00000|  0%| F|  |TAMS 0x0000000083b00000, 0x0000000083b00000| Untracked 
|  10|0x0000000083c00000, 0x0000000083c00000, 0x0000000083d00000|  0%| F|  |TAMS 0x0000000083c00000, 0x0000000083c00000| Untracked 
|  11|0x0000000083d00000, 0x0000000083d00000, 0x0000000083e00000|  0%| F|  |TAMS 0x0000000083d00000, 0x0000000083d00000| Untracked 
|  12|0x0000000083e00000, 0x0000000083e00000, 0x0000000083f00000|  0%| F|  |TAMS 0x0000000083e00000, 0x0000000083e00000| Untracked 
|  13|0x0000000083f00000, 0x0000000083f00000, 0x0000000084000000|  0%| F|  |TAMS 0x0000000083f00000, 0x0000000083f00000| Untracked 
|  14|0x0000000084000000, 0x0000000084000000, 0x0000000084100000|  0%| F|  |TAMS 0x0000000084000000, 0x0000000084000000| Untracked 
|  15|0x0000000084100000, 0x0000000084100000, 0x0000000084200000|  0%| F|  |TAMS 0x0000000084100000, 0x0000000084100000| Untracked 
|  16|0x0000000084200000, 0x0000000084200000, 0x0000000084300000|  0%| F|  |TAMS 0x0000000084200000, 0x0000000084200000| Untracked 
|  17|0x0000000084300000, 0x0000000084300000, 0x0000000084400000|  0%| F|  |TAMS 0x0000000084300000, 0x0000000084300000| Untracked 
|  18|0x0000000084400000, 0x0000000084400000, 0x0000000084500000|  0%| F|  |TAMS 0x0000000084400000, 0x0000000084400000| Untracked 
|  19|0x0000000084500000, 0x0000000084500000, 0x0000000084600000|  0%| F|  |TAMS 0x0000000084500000, 0x0000000084500000| Untracked 
|  20|0x0000000084600000, 0x0000000084600000, 0x0000000084700000|  0%| F|  |TAMS 0x0000000084600000, 0x0000000084600000| Untracked 
|  21|0x0000000084700000, 0x0000000084700000, 0x0000000084800000|  0%| F|  |TAMS 0x0000000084700000, 0x0000000084700000| Untracked 
|  22|0x0000000084800000, 0x0000000084800000, 0x0000000084900000|  0%| F|  |TAMS 0x0000000084800000, 0x0000000084800000| Untracked 
|  23|0x0000000084900000, 0x0000000084900000, 0x0000000084a00000|  0%| F|  |TAMS 0x0000000084900000, 0x0000000084900000| Untracked 
|  24|0x0000000084a00000, 0x0000000084a00000, 0x0000000084b00000|  0%| F|  |TAMS 0x0000000084a00000, 0x0000000084a00000| Untracked 
|  25|0x0000000084b00000, 0x0000000084b00000, 0x0000000084c00000|  0%| F|  |TAMS 0x0000000084b00000, 0x0000000084b00000| Untracked 
|  26|0x0000000084c00000, 0x0000000084c00000, 0x0000000084d00000|  0%| F|  |TAMS 0x0000000084c00000, 0x0000000084c00000| Untracked 
|  27|0x0000000084d00000, 0x0000000084d00000, 0x0000000084e00000|  0%| F|  |TAMS 0x0000000084d00000, 0x0000000084d00000| Untracked 
|  28|0x0000000084e00000, 0x0000000084e00000, 0x0000000084f00000|  0%| F|  |TAMS 0x0000000084e00000, 0x0000000084e00000| Untracked 
|  29|0x0000000084f00000, 0x0000000084f00000, 0x0000000085000000|  0%| F|  |TAMS 0x0000000084f00000, 0x0000000084f00000| Untracked 
|  30|0x0000000085000000, 0x0000000085000000, 0x0000000085100000|  0%| F|  |TAMS 0x0000000085000000, 0x0000000085000000| Untracked 
|  31|0x0000000085100000, 0x0000000085100000, 0x0000000085200000|  0%| F|  |TAMS 0x0000000085100000, 0x0000000085100000| Untracked 
|  32|0x0000000085200000, 0x0000000085200000, 0x0000000085300000|  0%| F|  |TAMS 0x0000000085200000, 0x0000000085200000| Untracked 
|  33|0x0000000085300000, 0x0000000085300000, 0x0000000085400000|  0%| F|  |TAMS 0x0000000085300000, 0x0000000085300000| Untracked 
|  34|0x0000000085400000, 0x0000000085400000, 0x0000000085500000|  0%| F|  |TAMS 0x0000000085400000, 0x0000000085400000| Untracked 
|  35|0x0000000085500000, 0x0000000085500000, 0x0000000085600000|  0%| F|  |TAMS 0x0000000085500000, 0x0000000085500000| Untracked 
|  36|0x0000000085600000, 0x0000000085600000, 0x0000000085700000|  0%| F|  |TAMS 0x0000000085600000, 0x0000000085600000| Untracked 
|  37|0x0000000085700000, 0x0000000085700000, 0x0000000085800000|  0%| F|  |TAMS 0x0000000085700000, 0x0000000085700000| Untracked 
|  38|0x0000000085800000, 0x0000000085800000, 0x0000000085900000|  0%| F|  |TAMS 0x0000000085800000, 0x0000000085800000| Untracked 
|  39|0x0000000085900000, 0x0000000085900000, 0x0000000085a00000|  0%| F|  |TAMS 0x0000000085900000, 0x0000000085900000| Untracked 
|  40|0x0000000085a00000, 0x0000000085a00000, 0x0000000085b00000|  0%| F|  |TAMS 0x0000000085a00000, 0x0000000085a00000| Untracked 
|  41|0x0000000085b00000, 0x0000000085b00000, 0x0000000085c00000|  0%| F|  |TAMS 0x0000000085b00000, 0x0000000085b00000| Untracked 
|  42|0x0000000085c00000, 0x0000000085c00000, 0x0000000085d00000|  0%| F|  |TAMS 0x0000000085c00000, 0x0000000085c00000| Untracked 
|  43|0x0000000085d00000, 0x0000000085d00000, 0x0000000085e00000|  0%| F|  |TAMS 0x0000000085d00000, 0x0000000085d00000| Untracked 
|  44|0x0000000085e00000, 0x0000000085e00000, 0x0000000085f00000|  0%| F|  |TAMS 0x0000000085e00000, 0x0000000085e00000| Untracked 
|  45|0x0000000085f00000, 0x0000000085f00000, 0x0000000086000000|  0%| F|  |TAMS 0x0000000085f00000, 0x0000000085f00000| Untracked 
|  46|0x0000000086000000, 0x0000000086000000, 0x0000000086100000|  0%| F|  |TAMS 0x0000000086000000, 0x0000000086000000| Untracked 
|  47|0x0000000086100000, 0x0000000086100000, 0x0000000086200000|  0%| F|  |TAMS 0x0000000086100000, 0x0000000086100000| Untracked 
|  48|0x0000000086200000, 0x0000000086200000, 0x0000000086300000|  0%| F|  |TAMS 0x0000000086200000, 0x0000000086200000| Untracked 
|  49|0x0000000086300000, 0x0000000086300000, 0x0000000086400000|  0%| F|  |TAMS 0x0000000086300000, 0x0000000086300000| Untracked 
|  50|0x0000000086400000, 0x0000000086400000, 0x0000000086500000|  0%| F|  |TAMS 0x0000000086400000, 0x0000000086400000| Untracked 
|  51|0x0000000086500000, 0x0000000086500000, 0x0000000086600000|  0%| F|  |TAMS 0x0000000086500000, 0x0000000086500000| Untracked 
|  52|0x0000000086600000, 0x0000000086600000, 0x0000000086700000|  0%| F|  |TAMS 0x0000000086600000, 0x0000000086600000| Untracked 
|  53|0x0000000086700000, 0x0000000086700000, 0x0000000086800000|  0%| F|  |TAMS 0x0000000086700000, 0x0000000086700000| Untracked 
|  54|0x0000000086800000, 0x0000000086800000, 0x0000000086900000|  0%| F|  |TAMS 0x0000000086800000, 0x0000000086800000| Untracked 
|  55|0x0000000086900000, 0x0000000086900000, 0x0000000086a00000|  0%| F|  |TAMS 0x0000000086900000, 0x0000000086900000| Untracked 
|  56|0x0000000086a00000, 0x0000000086a00000, 0x0000000086b00000|  0%| F|  |TAMS 0x0000000086a00000, 0x0000000086a00000| Untracked 
|  57|0x0000000086b00000, 0x0000000086b00000, 0x0000000086c00000|  0%| F|  |TAMS 0x0000000086b00000, 0x0000000086b00000| Untracked 
|  58|0x0000000086c00000, 0x0000000086c00000, 0x0000000086d00000|  0%| F|  |TAMS 0x0000000086c00000, 0x0000000086c00000| Untracked 
|  59|0x0000000086d00000, 0x0000000086d00000, 0x0000000086e00000|  0%| F|  |TAMS 0x0000000086d00000, 0x0000000086d00000| Untracked 
|  60|0x0000000086e00000, 0x0000000086e00000, 0x0000000086f00000|  0%| F|  |TAMS 0x0000000086e00000, 0x0000000086e00000| Untracked 
|  61|0x0000000086f00000, 0x0000000086f00000, 0x0000000087000000|  0%| F|  |TAMS 0x0000000086f00000, 0x0000000086f00000| Untracked 
|  62|0x0000000087000000, 0x0000000087000000, 0x0000000087100000|  0%| F|  |TAMS 0x0000000087000000, 0x0000000087000000| Untracked 
|  63|0x0000000087100000, 0x0000000087100000, 0x0000000087200000|  0%| F|  |TAMS 0x0000000087100000, 0x0000000087100000| Untracked 
|  64|0x0000000087200000, 0x0000000087200000, 0x0000000087300000|  0%| F|  |TAMS 0x0000000087200000, 0x0000000087200000| Untracked 
|  65|0x0000000087300000, 0x0000000087300000, 0x0000000087400000|  0%| F|  |TAMS 0x0000000087300000, 0x0000000087300000| Untracked 
|  66|0x0000000087400000, 0x0000000087400000, 0x0000000087500000|  0%| F|  |TAMS 0x0000000087400000, 0x0000000087400000| Untracked 
|  67|0x0000000087500000, 0x0000000087500000, 0x0000000087600000|  0%| F|  |TAMS 0x0000000087500000, 0x0000000087500000| Untracked 
|  68|0x0000000087600000, 0x0000000087600000, 0x0000000087700000|  0%| F|  |TAMS 0x0000000087600000, 0x0000000087600000| Untracked 
|  69|0x0000000087700000, 0x0000000087700000, 0x0000000087800000|  0%| F|  |TAMS 0x0000000087700000, 0x0000000087700000| Untracked 
|  70|0x0000000087800000, 0x0000000087800000, 0x0000000087900000|  0%| F|  |TAMS 0x0000000087800000, 0x0000000087800000| Untracked 
|  71|0x0000000087900000, 0x0000000087900000, 0x0000000087a00000|  0%| F|  |TAMS 0x0000000087900000, 0x0000000087900000| Untracked 
|  72|0x0000000087a00000, 0x0000000087a00000, 0x0000000087b00000|  0%| F|  |TAMS 0x0000000087a00000, 0x0000000087a00000| Untracked 
|  73|0x0000000087b00000, 0x0000000087b00000, 0x0000000087c00000|  0%| F|  |TAMS 0x0000000087b00000, 0x0000000087b00000| Untracked 
|  74|0x0000000087c00000, 0x0000000087c00000, 0x0000000087d00000|  0%| F|  |TAMS 0x0000000087c00000, 0x0000000087c00000| Untracked 
|  75|0x0000000087d00000, 0x0000000087d00000, 0x0000000087e00000|  0%| F|  |TAMS 0x0000000087d00000, 0x0000000087d00000| Untracked 
|  76|0x0000000087e00000, 0x0000000087e00000, 0x0000000087f00000|  0%| F|  |TAMS 0x0000000087e00000, 0x0000000087e00000| Untracked 
|  77|0x0000000087f00000, 0x0000000087f00000, 0x0000000088000000|  0%| F|  |TAMS 0x0000000087f00000, 0x0000000087f00000| Untracked 
|  78|0x0000000088000000, 0x0000000088000000, 0x0000000088100000|  0%| F|  |TAMS 0x0000000088000000, 0x0000000088000000| Untracked 
|  79|0x0000000088100000, 0x0000000088100000, 0x0000000088200000|  0%| F|  |TAMS 0x0000000088100000, 0x0000000088100000| Untracked 
|  80|0x0000000088200000, 0x0000000088200000, 0x0000000088300000|  0%| F|  |TAMS 0x0000000088200000, 0x0000000088200000| Untracked 
|  81|0x0000000088300000, 0x0000000088300000, 0x0000000088400000|  0%| F|  |TAMS 0x0000000088300000, 0x0000000088300000| Untracked 
|  82|0x0000000088400000, 0x0000000088400000, 0x0000000088500000|  0%| F|  |TAMS 0x0000000088400000, 0x0000000088400000| Untracked 
|  83|0x0000000088500000, 0x0000000088500000, 0x0000000088600000|  0%| F|  |TAMS 0x0000000088500000, 0x0000000088500000| Untracked 
|  84|0x0000000088600000, 0x0000000088600000, 0x0000000088700000|  0%| F|  |TAMS 0x0000000088600000, 0x0000000088600000| Untracked 
|  85|0x0000000088700000, 0x0000000088700000, 0x0000000088800000|  0%| F|  |TAMS 0x0000000088700000, 0x0000000088700000| Untracked 
|  86|0x0000000088800000, 0x0000000088800000, 0x0000000088900000|  0%| F|  |TAMS 0x0000000088800000, 0x0000000088800000| Untracked 
|  87|0x0000000088900000, 0x0000000088900000, 0x0000000088a00000|  0%| F|  |TAMS 0x0000000088900000, 0x0000000088900000| Untracked 
|  88|0x0000000088a00000, 0x0000000088a00000, 0x0000000088b00000|  0%| F|  |TAMS 0x0000000088a00000, 0x0000000088a00000| Untracked 
|  89|0x0000000088b00000, 0x0000000088b00000, 0x0000000088c00000|  0%| F|  |TAMS 0x0000000088b00000, 0x0000000088b00000| Untracked 
|  90|0x0000000088c00000, 0x0000000088c00000, 0x0000000088d00000|  0%| F|  |TAMS 0x0000000088c00000, 0x0000000088c00000| Untracked 
|  91|0x0000000088d00000, 0x0000000088d00000, 0x0000000088e00000|  0%| F|  |TAMS 0x0000000088d00000, 0x0000000088d00000| Untracked 
|  92|0x0000000088e00000, 0x0000000088e00000, 0x0000000088f00000|  0%| F|  |TAMS 0x0000000088e00000, 0x0000000088e00000| Untracked 
|  93|0x0000000088f00000, 0x0000000088f00000, 0x0000000089000000|  0%| F|  |TAMS 0x0000000088f00000, 0x0000000088f00000| Untracked 
|  94|0x0000000089000000, 0x0000000089000000, 0x0000000089100000|  0%| F|  |TAMS 0x0000000089000000, 0x0000000089000000| Untracked 
|  95|0x0000000089100000, 0x0000000089100000, 0x0000000089200000|  0%| F|  |TAMS 0x0000000089100000, 0x0000000089100000| Untracked 
|  96|0x0000000089200000, 0x0000000089200000, 0x0000000089300000|  0%| F|  |TAMS 0x0000000089200000, 0x0000000089200000| Untracked 
|  97|0x0000000089300000, 0x0000000089300000, 0x0000000089400000|  0%| F|  |TAMS 0x0000000089300000, 0x0000000089300000| Untracked 
|  98|0x0000000089400000, 0x0000000089400000, 0x0000000089500000|  0%| F|  |TAMS 0x0000000089400000, 0x0000000089400000| Untracked 
|  99|0x0000000089500000, 0x0000000089500000, 0x0000000089600000|  0%| F|  |TAMS 0x0000000089500000, 0x0000000089500000| Untracked 
| 100|0x0000000089600000, 0x0000000089600000, 0x0000000089700000|  0%| F|  |TAMS 0x0000000089600000, 0x0000000089600000| Untracked 
| 101|0x0000000089700000, 0x0000000089700000, 0x0000000089800000|  0%| F|  |TAMS 0x0000000089700000, 0x0000000089700000| Untracked 
| 102|0x0000000089800000, 0x0000000089800000, 0x0000000089900000|  0%| F|  |TAMS 0x0000000089800000, 0x0000000089800000| Untracked 
| 103|0x0000000089900000, 0x0000000089900000, 0x0000000089a00000|  0%| F|  |TAMS 0x0000000089900000, 0x0000000089900000| Untracked 
| 104|0x0000000089a00000, 0x0000000089a00000, 0x0000000089b00000|  0%| F|  |TAMS 0x0000000089a00000, 0x0000000089a00000| Untracked 
| 105|0x0000000089b00000, 0x0000000089b00000, 0x0000000089c00000|  0%| F|  |TAMS 0x0000000089b00000, 0x0000000089b00000| Untracked 
| 106|0x0000000089c00000, 0x0000000089c00000, 0x0000000089d00000|  0%| F|  |TAMS 0x0000000089c00000, 0x0000000089c00000| Untracked 
| 107|0x0000000089d00000, 0x0000000089d00000, 0x0000000089e00000|  0%| F|  |TAMS 0x0000000089d00000, 0x0000000089d00000| Untracked 
| 108|0x0000000089e00000, 0x0000000089e00000, 0x0000000089f00000|  0%| F|  |TAMS 0x0000000089e00000, 0x0000000089e00000| Untracked 
| 109|0x0000000089f00000, 0x0000000089f76638, 0x000000008a000000| 46%| E|  |TAMS 0x0000000089f00000, 0x0000000089f00000| Complete 
| 110|0x000000008a000000, 0x000000008a100000, 0x000000008a100000|100%| E|CS|TAMS 0x000000008a000000, 0x000000008a000000| Complete 
| 111|0x000000008a100000, 0x000000008a200000, 0x000000008a200000|100%| E|CS|TAMS 0x000000008a100000, 0x000000008a100000| Complete 
| 112|0x000000008a200000, 0x000000008a300000, 0x000000008a300000|100%| E|CS|TAMS 0x000000008a200000, 0x000000008a200000| Complete 
| 113|0x000000008a300000, 0x000000008a400000, 0x000000008a400000|100%| E|CS|TAMS 0x000000008a300000, 0x000000008a300000| Complete 
| 114|0x000000008a400000, 0x000000008a500000, 0x000000008a500000|100%| E|CS|TAMS 0x000000008a400000, 0x000000008a400000| Complete 
| 115|0x000000008a500000, 0x000000008a600000, 0x000000008a600000|100%| E|CS|TAMS 0x000000008a500000, 0x000000008a500000| Complete 
| 116|0x000000008a600000, 0x000000008a700000, 0x000000008a700000|100%| E|CS|TAMS 0x000000008a600000, 0x000000008a600000| Complete 
| 117|0x000000008a700000, 0x000000008a800000, 0x000000008a800000|100%| E|CS|TAMS 0x000000008a700000, 0x000000008a700000| Complete 
| 118|0x000000008a800000, 0x000000008a900000, 0x000000008a900000|100%| E|CS|TAMS 0x000000008a800000, 0x000000008a800000| Complete 
| 119|0x000000008a900000, 0x000000008aa00000, 0x000000008aa00000|100%| E|CS|TAMS 0x000000008a900000, 0x000000008a900000| Complete 
| 120|0x000000008aa00000, 0x000000008ab00000, 0x000000008ab00000|100%| E|CS|TAMS 0x000000008aa00000, 0x000000008aa00000| Complete 
| 121|0x000000008ab00000, 0x000000008ac00000, 0x000000008ac00000|100%| E|CS|TAMS 0x000000008ab00000, 0x000000008ab00000| Complete 
| 122|0x000000008ac00000, 0x000000008ad00000, 0x000000008ad00000|100%| E|CS|TAMS 0x000000008ac00000, 0x000000008ac00000| Complete 
| 123|0x000000008ad00000, 0x000000008ae00000, 0x000000008ae00000|100%| E|CS|TAMS 0x000000008ad00000, 0x000000008ad00000| Complete 
| 124|0x000000008ae00000, 0x000000008af00000, 0x000000008af00000|100%| E|CS|TAMS 0x000000008ae00000, 0x000000008ae00000| Complete 
| 125|0x000000008af00000, 0x000000008b000000, 0x000000008b000000|100%| E|CS|TAMS 0x000000008af00000, 0x000000008af00000| Complete 

Card table byte_map: [0x000002a1a0a50000,0x000002a1a0e40000] _byte_map_base: 0x000002a1a0637000

Marking Bits (Prev, Next): (CMBitMap*) 0x000002a188c6ad60, (CMBitMap*) 0x000002a188c6ada0
 Prev Bits: [0x000002a1a1230000, 0x000002a1a3168000)
 Next Bits: [0x000002a1a3170000, 0x000002a1a50a8000)

Polling page: 0x000002a187560000

Metaspace:

Usage:
  Non-class:      5.21 MB used.
      Class:    636.76 KB used.
       Both:      5.83 MB used.

Virtual space:
  Non-class space:       64.00 MB reserved,       5.31 MB (  8%) committed,  1 nodes.
      Class space:        1.00 GB reserved,     768.00 KB ( <1%) committed,  1 nodes.
             Both:        1.06 GB reserved,       6.06 MB ( <1%) committed. 

Chunk freelists:
   Non-Class:  2.30 MB
       Class:  3.10 MB
        Both:  5.40 MB

MaxMetaspaceSize: unlimited
CompressedClassSpaceSize: 1.00 GB
Initial GC threshold: 21.00 MB
Current GC threshold: 21.00 MB
CDS: on
MetaspaceReclaimPolicy: balanced
 - commit_granule_bytes: 65536.
 - commit_granule_words: 8192.
 - virtual_space_node_default_size: 8388608.
 - enlarge_chunks_in_place: 1.
 - new_chunks_are_fully_committed: 0.
 - uncommit_free_chunks: 1.
 - use_allocation_guard: 0.


Internal statistics:

num_allocs_failed_limit: 0.
num_arena_births: 212.
num_arena_deaths: 0.
num_vsnodes_births: 2.
num_vsnodes_deaths: 0.
num_space_committed: 97.
num_space_uncommitted: 0.
num_chunks_returned_to_freelist: 0.
num_chunks_taken_from_freelist: 328.
num_chunk_merges: 0.
num_chunk_splits: 208.
num_chunks_enlarged: 136.
num_inconsistent_stats: 0.

CodeHeap 'non-profiled nmethods': size=120000Kb used=418Kb max_used=418Kb free=119582Kb
 bounds [0x000002a1986d0000, 0x000002a198940000, 0x000002a19fc00000]
CodeHeap 'profiled nmethods': size=120000Kb used=2108Kb max_used=2108Kb free=117891Kb
 bounds [0x000002a190c00000, 0x000002a190e70000, 0x000002a198130000]
CodeHeap 'non-nmethods': size=5760Kb used=1265Kb max_used=1284Kb free=4494Kb
 bounds [0x000002a198130000, 0x000002a1983a0000, 0x000002a1986d0000]
 total_blobs=1677 nmethods=1216 adapters=372
 compilation: enabled
              stopped_count=0, restarted_count=0
 full_count=0

Compilation events (20 events):
Event: 0.725 Thread 0x000002a1a7babf50 1086       3       jdk.internal.org.objectweb.asm.MethodWriter::computeMethodInfoSize (571 bytes)
Event: 0.726 Thread 0x000002a1a7babf50 nmethod 1086 0x000002a190dc3690 code [0x000002a190dc39c0, 0x000002a190dc4908]
Event: 0.726 Thread 0x000002a1a7babf50 1090       3       jdk.internal.org.objectweb.asm.Frame::accept (264 bytes)
Event: 0.727 Thread 0x000002a1a7babf50 nmethod 1090 0x000002a190dc4f90 code [0x000002a190dc51c0, 0x000002a190dc5ad8]
Event: 0.727 Thread 0x000002a1a7babf50 1089       3       jdk.internal.org.objectweb.asm.Frame::setInputFrameFromDescriptor (175 bytes)
Event: 0.727 Thread 0x000002a1a7babf50 nmethod 1089 0x000002a190dc5e90 code [0x000002a190dc60c0, 0x000002a190dc6898]
Event: 0.727 Thread 0x000002a1a7babf50 1088       3       java.lang.reflect.ProxyGenerator::dotToSlash (9 bytes)
Event: 0.728 Thread 0x000002a1a7babf50 nmethod 1088 0x000002a190dc6c90 code [0x000002a190dc6e40, 0x000002a190dc6f68]
Event: 0.728 Thread 0x000002a1a7babf50 1091       3       jdk.internal.org.objectweb.asm.MethodWriter::visitFrameStart (55 bytes)
Event: 0.728 Thread 0x000002a1a7babf50 nmethod 1091 0x000002a190dc7010 code [0x000002a190dc71c0, 0x000002a190dc74d8]
Event: 0.728 Thread 0x000002a1a7babf50 1092       3       jdk.internal.org.objectweb.asm.MethodWriter::visitFrameEnd (53 bytes)
Event: 0.728 Thread 0x000002a1a7babf50 nmethod 1092 0x000002a190dc7610 code [0x000002a190dc77e0, 0x000002a190dc7cc8]
Event: 0.728 Thread 0x000002a1a7babf50 1094   !   3       jdk.internal.ref.PhantomCleanable::remove (60 bytes)
Event: 0.728 Thread 0x000002a1a7babf50 nmethod 1094 0x000002a190dc7e10 code [0x000002a190dc7fe0, 0x000002a190dc83f8]
Event: 0.728 Thread 0x000002a1a7babf50 1093       3       jdk.internal.reflect.ConstantPool::getUTF8At (10 bytes)
Event: 0.728 Thread 0x000002a1a7babf50 nmethod 1093 0x000002a190dc8590 code [0x000002a190dc8740, 0x000002a190dc8888]
Event: 0.729 Thread 0x000002a1a7babf50 1096       3       java.util.LinkedHashMap$LinkedHashIterator::nextNode (54 bytes)
Event: 0.729 Thread 0x000002a1a7babf50 nmethod 1096 0x000002a190dc8910 code [0x000002a190dc8ae0, 0x000002a190dc8e18]
Event: 0.729 Thread 0x000002a1a7babf50 1098       3       jdk.internal.org.objectweb.asm.Frame::merge (395 bytes)
Event: 0.730 Thread 0x000002a1a7babf50 nmethod 1098 0x000002a190dc8f90 code [0x000002a190dc9240, 0x000002a190dca0b8]

GC Heap History (0 events):
No events

Dll operation events (10 events):
Event: 0.026 Loaded shared library C:\Program Files\Java\jdk-19\bin\java.dll
Event: 0.042 Loaded shared library C:\Program Files\Java\jdk-19\bin\jsvml.dll
Event: 0.199 Loaded shared library C:\Program Files\Java\jdk-19\bin\zip.dll
Event: 0.202 Loaded shared library C:\Program Files\Java\jdk-19\bin\instrument.dll
Event: 0.211 Loaded shared library C:\Program Files\Java\jdk-19\bin\net.dll
Event: 0.215 Loaded shared library C:\Program Files\Java\jdk-19\bin\nio.dll
Event: 0.218 Loaded shared library C:\Program Files\Java\jdk-19\bin\zip.dll
Event: 0.228 Loaded shared library C:\Program Files\JetBrains\IntelliJ IDEA Community Edition 2022.2.3\bin\breakgen64.dll
Event: 0.239 Loaded shared library C:\Program Files\Java\jdk-19\bin\extnet.dll
Event: 0.337 Loaded shared library C:\Program Files\Java\jdk-19\bin\jimage.dll

Deoptimization events (20 events):
Event: 0.357 Thread 0x000002a188c097e0 Uncommon trap: trap_request=0xffffff45 fr.pc=0x000002a1986eaa04 relative=0x0000000000000064
Event: 0.357 Thread 0x000002a188c097e0 Uncommon trap: reason=unstable_if action=reinterpret pc=0x000002a1986eaa04 method=java.io.WinNTFileSystem.isSlash(C)Z @ 9 c2
Event: 0.357 Thread 0x000002a188c097e0 DEOPT PACKING pc=0x000002a1986eaa04 sp=0x000000eda42fe120
Event: 0.357 Thread 0x000002a188c097e0 DEOPT UNPACKING pc=0x000002a19819a5a3 sp=0x000000eda42fe0a8 mode 2
Event: 0.394 Thread 0x000002a188c097e0 DEOPT PACKING pc=0x000002a190c0c5e5 sp=0x000000eda42fe5d0
Event: 0.394 Thread 0x000002a188c097e0 DEOPT UNPACKING pc=0x000002a19819b0e3 sp=0x000000eda42fda20 mode 0
Event: 0.402 Thread 0x000002a188c097e0 DEOPT PACKING pc=0x000002a190c0c5e5 sp=0x000000eda42fb0e0
Event: 0.402 Thread 0x000002a188c097e0 DEOPT UNPACKING pc=0x000002a19819b0e3 sp=0x000000eda42fa530 mode 0
Event: 0.422 Thread 0x000002a188c097e0 Uncommon trap: trap_request=0xffffff45 fr.pc=0x000002a1986dea68 relative=0x0000000000000848
Event: 0.422 Thread 0x000002a188c097e0 Uncommon trap: reason=unstable_if action=reinterpret pc=0x000002a1986dea68 method=java.util.HashMap.putVal(ILjava/lang/Object;Ljava/lang/Object;ZZ)Ljava/lang/Object; @ 69 c2
Event: 0.422 Thread 0x000002a188c097e0 DEOPT PACKING pc=0x000002a1986dea68 sp=0x000000eda42fe080
Event: 0.422 Thread 0x000002a188c097e0 DEOPT UNPACKING pc=0x000002a19819a5a3 sp=0x000000eda42fe030 mode 2
Event: 0.538 Thread 0x000002a188c097e0 Uncommon trap: trap_request=0xffffff45 fr.pc=0x000002a1986fa1ec relative=0x000000000000024c
Event: 0.538 Thread 0x000002a188c097e0 Uncommon trap: reason=unstable_if action=reinterpret pc=0x000002a1986fa1ec method=java.lang.String.startsWith(Ljava/lang/String;I)Z @ 1 c2
Event: 0.538 Thread 0x000002a188c097e0 DEOPT PACKING pc=0x000002a1986fa1ec sp=0x000000eda42fce70
Event: 0.538 Thread 0x000002a188c097e0 DEOPT UNPACKING pc=0x000002a19819a5a3 sp=0x000000eda42fcdd8 mode 2
Event: 0.642 Thread 0x000002a188c097e0 DEOPT PACKING pc=0x000002a190c3cc7e sp=0x000000eda42fdd20
Event: 0.642 Thread 0x000002a188c097e0 DEOPT UNPACKING pc=0x000002a19819b0e3 sp=0x000000eda42fd190 mode 0
Event: 0.648 Thread 0x000002a188c097e0 DEOPT PACKING pc=0x000002a190c0be3e sp=0x000000eda42fe600
Event: 0.648 Thread 0x000002a188c097e0 DEOPT UNPACKING pc=0x000002a19819b0e3 sp=0x000000eda42fda78 mode 0

Classes loaded (20 events):
Event: 0.657 Loading class java/lang/ExceptionInInitializerError
Event: 0.657 Loading class java/lang/ExceptionInInitializerError done
Event: 0.661 Loading class java/util/regex/Pattern$BnM
Event: 0.661 Loading class java/util/regex/Pattern$BnM done
Event: 0.676 Loading class java/lang/NoSuchFieldError
Event: 0.676 Loading class java/lang/NoSuchFieldError done
Event: 0.677 Loading class java/util/concurrent/atomic/AtomicBoolean
Event: 0.677 Loading class java/util/concurrent/atomic/AtomicBoolean done
Event: 0.714 Loading class java/lang/Class$2
Event: 0.714 Loading class java/lang/Class$2 done
Event: 0.718 Loading class java/util/stream/Nodes$SpinedNodeBuilder
Event: 0.718 Loading class java/util/stream/SpinedBuffer
Event: 0.718 Loading class java/util/stream/AbstractSpinedBuffer
Event: 0.718 Loading class java/util/stream/AbstractSpinedBuffer done
Event: 0.718 Loading class java/util/stream/SpinedBuffer done
Event: 0.718 Loading class java/util/stream/Nodes$SpinedNodeBuilder done
Event: 0.719 Loading class java/lang/TypeNotPresentException
Event: 0.719 Loading class java/lang/TypeNotPresentException done
Event: 0.721 Loading class java/lang/annotation/Documented
Event: 0.721 Loading class java/lang/annotation/Documented done

Classes unloaded (0 events):
No events

Classes redefined (0 events):
No events

Internal exceptions (20 events):
Event: 0.240 Thread 0x000002a188c097e0 Exception <a 'java/lang/NoSuchMethodError'{0x000000008ad9dff8}: 'void java.lang.invoke.DirectMethodHandle$Holder.invokeStatic(java.lang.Object, java.lang.Object)'> (0x000000008ad9dff8) 
thrown [s\open\src\hotspot\share\interpreter\linkResolver.cpp, line 774]
Event: 0.365 Thread 0x000002a188c097e0 Exception <a 'java/lang/NoSuchMethodError'{0x000000008a9b2d80}: 'java.lang.Object java.lang.invoke.DirectMethodHandle$Holder.invokeVirtual(java.lang.Object, java.lang.Object, java.lang.Object)'> (0x000000008a9b2d80) 
thrown [s\open\src\hotspot\share\interpreter\linkResolver.cpp, line 774]
Event: 0.381 Thread 0x000002a188c097e0 Exception <a 'java/lang/NoSuchMethodError'{0x000000008a8284f0}: 'int java.lang.invoke.DirectMethodHandle$Holder.invokeStaticInit(java.lang.Object, java.lang.Object)'> (0x000000008a8284f0) 
thrown [s\open\src\hotspot\share\interpreter\linkResolver.cpp, line 774]
Event: 0.444 Thread 0x000002a188c097e0 Exception <a 'java/lang/NoSuchMethodError'{0x000000008a7b5b98}: 'int java.lang.invoke.DirectMethodHandle$Holder.invokeSpecial(java.lang.Object, java.lang.Object, java.lang.Object)'> (0x000000008a7b5b98) 
thrown [s\open\src\hotspot\share\interpreter\linkResolver.cpp, line 774]
Event: 0.446 Thread 0x000002a188c097e0 Exception <a 'java/lang/NoSuchMethodError'{0x000000008a7c08f8}: 'void java.lang.invoke.DelegatingMethodHandle$Holder.reinvoke_L(java.lang.Object, java.lang.Object, int)'> (0x000000008a7c08f8) 
thrown [s\open\src\hotspot\share\interpreter\linkResolver.cpp, line 774]
Event: 0.446 Thread 0x000002a188c097e0 Exception <a 'java/lang/NoSuchMethodError'{0x000000008a7c76e0}: 'int java.lang.invoke.Invokers$Holder.invokeExact_MT(java.lang.Object, java.lang.Object, java.lang.Object)'> (0x000000008a7c76e0) 
thrown [s\open\src\hotspot\share\interpreter\linkResolver.cpp, line 774]
Event: 0.453 Thread 0x000002a188c097e0 Exception <a 'java/lang/NoSuchMethodError'{0x000000008a7ecb50}: 'void java.lang.invoke.Invokers$Holder.invokeExact_MT(java.lang.Object, java.lang.Object, java.lang.Object, java.lang.Object)'> (0x000000008a7ecb50) 
thrown [s\open\src\hotspot\share\interpreter\linkResolver.cpp, line 774]
Event: 0.455 Thread 0x000002a188c097e0 Exception <a 'java/lang/NoSuchMethodError'{0x000000008a7f2898}: 'void java.lang.invoke.DirectMethodHandle$Holder.invokeSpecial(java.lang.Object, java.lang.Object, java.lang.Object)'> (0x000000008a7f2898) 
thrown [s\open\src\hotspot\share\interpreter\linkResolver.cpp, line 774]
Event: 0.456 Thread 0x000002a188c097e0 Exception <a 'java/lang/NoSuchMethodError'{0x000000008a7f8a50}: 'void java.lang.invoke.DirectMethodHandle$Holder.invokeVirtual(java.lang.Object, java.lang.Object, int)'> (0x000000008a7f8a50) 
thrown [s\open\src\hotspot\share\interpreter\linkResolver.cpp, line 774]
Event: 0.502 Thread 0x000002a188c097e0 Exception <a 'java/lang/ClassNotFoundException'{0x000000008a6b4300}: com/sun/org/apache/xerces/internal/impl/msg/spi/SAXMessagesProvider> (0x000000008a6b4300) 
thrown [s\open\src\hotspot\share\classfile\systemDictionary.cpp, line 255]
Event: 0.548 Thread 0x000002a188c097e0 Exception <a 'java/lang/NoSuchMethodError'{0x000000008a5808e0}: 'java.lang.Object java.lang.invoke.DirectMethodHandle$Holder.invokeStaticInit(java.lang.Object, int, int, int, int)'> (0x000000008a5808e0) 
thrown [s\open\src\hotspot\share\interpreter\linkResolver.cpp, line 774]
Event: 0.638 Thread 0x000002a188c097e0 Exception <a 'java/lang/NoSuchMethodError'{0x000000008a44b798}: 'java.lang.Object java.lang.invoke.DirectMethodHandle$Holder.invokeStaticInit(java.lang.Object, java.lang.Object, int, int, int, int)'> (0x000000008a44b798) 
thrown [s\open\src\hotspot\share\interpreter\linkResolver.cpp, line 774]
Event: 0.653 Thread 0x000002a188c097e0 Exception <a 'java/lang/NoSuchMethodError'{0x000000008a497640}: 'void java.lang.invoke.DirectMethodHandle$Holder.invokeVirtual(java.lang.Object, java.lang.Object)'> (0x000000008a497640) 
thrown [s\open\src\hotspot\share\interpreter\linkResolver.cpp, line 774]
Event: 0.662 Thread 0x000002a188c097e0 Exception <a 'java/lang/NoSuchMethodError'{0x000000008a4d2958}: 'void java.lang.invoke.DirectMethodHandle$Holder.invokeStatic(java.lang.Object, java.lang.Object, java.lang.Object, java.lang.Object)'> (0x000000008a4d2958) 
thrown [s\open\src\hotspot\share\interpreter\linkResolver.cpp, line 774]
Event: 0.670 Thread 0x000002a188c097e0 Exception <a 'java/lang/NoSuchMethodError'{0x000000008a311160}: 'int java.lang.invoke.DirectMethodHandle$Holder.invokeInterface(java.lang.Object, java.lang.Object)'> (0x000000008a311160) 
thrown [s\open\src\hotspot\share\interpreter\linkResolver.cpp, line 774]
Event: 0.672 Thread 0x000002a188c097e0 Exception <a 'java/lang/NoSuchMethodError'{0x000000008a31b0c0}: 'java.lang.Object java.lang.invoke.Invokers$Holder.invokeExact_MT(java.lang.Object, java.lang.Object, java.lang.Object, java.lang.Object, java.lang.Object, java.lang.Object)'> (0x000000008a31b0c0) 
thrown [s\open\src\hotspot\share\interpreter\linkResolver.cpp, line 774]
Event: 0.674 Thread 0x000002a188c097e0 Exception <a 'java/lang/NoSuchMethodError'{0x000000008a330880}: 'java.lang.Object java.lang.invoke.DirectMethodHandle$Holder.invokeInterface(java.lang.Object, java.lang.Object)'> (0x000000008a330880) 
thrown [s\open\src\hotspot\share\interpreter\linkResolver.cpp, line 774]
Event: 0.678 Thread 0x000002a188c097e0 Exception <a 'java/lang/NoSuchMethodError'{0x000000008a34dc58}: 'int java.lang.invoke.DirectMethodHandle$Holder.invokeVirtual(java.lang.Object, java.lang.Object)'> (0x000000008a34dc58) 
thrown [s\open\src\hotspot\share\interpreter\linkResolver.cpp, line 774]
Event: 0.689 Thread 0x000002a188c097e0 Exception <a 'java/lang/NoSuchMethodError'{0x000000008a3cd2a8}: 'java.lang.Object java.lang.invoke.DirectMethodHandle$Holder.invokeSpecial(java.lang.Object, java.lang.Object, java.lang.Object, int, java.lang.Object)'> (0x000000008a3cd2a8) 
thrown [s\open\src\hotspot\share\interpreter\linkResolver.cpp, line 774]
Event: 0.697 Thread 0x000002a188c097e0 Exception <a 'java/lang/NoSuchMethodError'{0x000000008a20ca38}: 'int java.lang.invoke.DirectMethodHandle$Holder.invokeStaticInit(java.lang.Object, java.lang.Object, java.lang.Object)'> (0x000000008a20ca38) 
thrown [s\open\src\hotspot\share\interpreter\linkResolver.cpp, line 774]

VM Operations (18 events):
Event: 0.183 Executing VM operation: HandshakeAllThreads
Event: 0.183 Executing VM operation: HandshakeAllThreads done
Event: 0.231 Executing VM operation: HandshakeAllThreads
Event: 0.232 Executing VM operation: HandshakeAllThreads done
Event: 0.357 Executing VM operation: HandshakeAllThreads
Event: 0.357 Executing VM operation: HandshakeAllThreads done
Event: 0.363 Executing VM operation: HandshakeAllThreads
Event: 0.363 Executing VM operation: HandshakeAllThreads done
Event: 0.510 Executing VM operation: HandshakeAllThreads
Event: 0.510 Executing VM operation: HandshakeAllThreads done
Event: 0.527 Executing VM operation: HandshakeAllThreads
Event: 0.527 Executing VM operation: HandshakeAllThreads done
Event: 0.537 Executing VM operation: HandshakeAllThreads
Event: 0.537 Executing VM operation: HandshakeAllThreads done
Event: 0.645 Executing VM operation: HandshakeAllThreads
Event: 0.645 Executing VM operation: HandshakeAllThreads done
Event: 0.645 Executing VM operation: HandshakeAllThreads
Event: 0.645 Executing VM operation: HandshakeAllThreads done

Events (14 events):
Event: 0.042 Thread 0x000002a188c097e0 Thread added: 0x000002a188c097e0
Event: 0.075 Thread 0x000002a1a7b93e40 Thread added: 0x000002a1a7b93e40
Event: 0.075 Thread 0x000002a1a7b94a30 Thread added: 0x000002a1a7b94a30
Event: 0.076 Thread 0x000002a1a7b958a0 Thread added: 0x000002a1a7b958a0
Event: 0.076 Thread 0x000002a1a7b9b1f0 Thread added: 0x000002a1a7b9b1f0
Event: 0.076 Thread 0x000002a1a7b9bb20 Thread added: 0x000002a1a7b9bb20
Event: 0.077 Thread 0x000002a1a7ba1960 Thread added: 0x000002a1a7ba1960
Event: 0.077 Thread 0x000002a1a7ba35d0 Thread added: 0x000002a1a7ba35d0
Event: 0.077 Thread 0x000002a1a7babf50 Thread added: 0x000002a1a7babf50
Event: 0.077 Thread 0x000002a1a7bc3ce0 Thread added: 0x000002a1a7bc3ce0
Event: 0.174 Thread 0x000002a1abda46b0 Thread added: 0x000002a1abda46b0
Event: 0.229 Thread 0x000002a1abe804c0 Thread added: 0x000002a1abe804c0
Event: 0.229 Thread 0x000002a1abe80a00 Thread added: 0x000002a1abe80a00
Event: 0.282 Thread 0x000002a1abf87dd0 Thread added: 0x000002a1abf87dd0


Dynamic libraries:
0x00007ff666700000 - 0x00007ff666710000 	C:\Program Files\Java\jdk-19\bin\java.exe
0x00007ffef9e70000 - 0x00007ffefa087000 	C:\WINDOWS\SYSTEM32\ntdll.dll
0x00007ffef9ce0000 - 0x00007ffef9da4000 	C:\WINDOWS\System32\KERNEL32.DLL
0x00007ffef71b0000 - 0x00007ffef7556000 	C:\WINDOWS\System32\KERNELBASE.dll
0x00007ffef76d0000 - 0x00007ffef77e1000 	C:\WINDOWS\System32\ucrtbase.dll
0x00007ffee06b0000 - 0x00007ffee06c8000 	C:\Program Files\Java\jdk-19\bin\jli.dll
0x00007ffedf910000 - 0x00007ffedf92b000 	C:\Program Files\Java\jdk-19\bin\VCRUNTIME140.dll
0x00007ffef8da0000 - 0x00007ffef8e53000 	C:\WINDOWS\System32\ADVAPI32.dll
0x00007ffef8970000 - 0x00007ffef8a17000 	C:\WINDOWS\System32\msvcrt.dll
0x00007ffef9920000 - 0x00007ffef99c8000 	C:\WINDOWS\System32\sechost.dll
0x00007ffef7560000 - 0x00007ffef7588000 	C:\WINDOWS\System32\bcrypt.dll
0x00007ffef8790000 - 0x00007ffef88a7000 	C:\WINDOWS\System32\RPCRT4.dll
0x00007ffef7bc0000 - 0x00007ffef7d6e000 	C:\WINDOWS\System32\USER32.dll
0x00007ffef77f0000 - 0x00007ffef7816000 	C:\WINDOWS\System32\win32u.dll
0x00007ffed7880000 - 0x00007ffed7b13000 	C:\WINDOWS\WinSxS\amd64_microsoft.windows.common-controls_6595b64144ccf1df_6.0.22621.2506_none_270c5ae97388e100\COMCTL32.dll
0x00007ffef8be0000 - 0x00007ffef8c09000 	C:\WINDOWS\System32\GDI32.dll
0x00007ffef7820000 - 0x00007ffef7938000 	C:\WINDOWS\System32\gdi32full.dll
0x00007ffef79b0000 - 0x00007ffef7a4a000 	C:\WINDOWS\System32\msvcp_win.dll
0x00007ffeef4a0000 - 0x00007ffeef4aa000 	C:\WINDOWS\SYSTEM32\VERSION.dll
0x00007ffef8ba0000 - 0x00007ffef8bd1000 	C:\WINDOWS\System32\IMM32.DLL
0x000002a188b90000 - 0x000002a188ba4000 	C:\WINDOWS\System32\umppc17807.dll
0x00007ffee15b0000 - 0x00007ffee15bc000 	C:\Program Files\Java\jdk-19\bin\vcruntime140_1.dll
0x00007ffed8ba0000 - 0x00007ffed8c2e000 	C:\Program Files\Java\jdk-19\bin\msvcp140.dll
0x00007ffe66720000 - 0x00007ffe673e0000 	C:\Program Files\Java\jdk-19\bin\server\jvm.dll
0x00007ffef3e80000 - 0x00007ffef3e89000 	C:\WINDOWS\SYSTEM32\WSOCK32.dll
0x00007ffef9db0000 - 0x00007ffef9e21000 	C:\WINDOWS\System32\WS2_32.dll
0x00007ffeec1a0000 - 0x00007ffeec1d4000 	C:\WINDOWS\SYSTEM32\WINMM.dll
0x00007ffef61b0000 - 0x00007ffef61c8000 	C:\WINDOWS\SYSTEM32\kernel.appcore.dll
0x00007ffee1530000 - 0x00007ffee153a000 	C:\Program Files\Java\jdk-19\bin\jimage.dll
0x00007ffef4970000 - 0x00007ffef4ba3000 	C:\WINDOWS\SYSTEM32\DBGHELP.DLL
0x00007ffef9590000 - 0x00007ffef9919000 	C:\WINDOWS\System32\combase.dll
0x00007ffef99d0000 - 0x00007ffef9aa7000 	C:\WINDOWS\System32\OLEAUT32.dll
0x00007ffed8ac0000 - 0x00007ffed8af2000 	C:\WINDOWS\SYSTEM32\dbgcore.DLL
0x00007ffef7590000 - 0x00007ffef760a000 	C:\WINDOWS\System32\bcryptPrimitives.dll
0x00007ffeebe00000 - 0x00007ffeebe0e000 	C:\Program Files\Java\jdk-19\bin\instrument.dll
0x00007ffedf8e0000 - 0x00007ffedf906000 	C:\Program Files\Java\jdk-19\bin\java.dll
0x00007ffed67c0000 - 0x00007ffed6897000 	C:\Program Files\Java\jdk-19\bin\jsvml.dll
0x00007ffef7d70000 - 0x00007ffef85cb000 	C:\WINDOWS\System32\SHELL32.dll
0x00007ffef50c0000 - 0x00007ffef59b6000 	C:\WINDOWS\SYSTEM32\windows.storage.dll
0x00007ffef4f80000 - 0x00007ffef50be000 	C:\WINDOWS\SYSTEM32\wintypes.dll
0x00007ffef9470000 - 0x00007ffef9563000 	C:\WINDOWS\System32\SHCORE.dll
0x00007ffef8c70000 - 0x00007ffef8cce000 	C:\WINDOWS\System32\shlwapi.dll
0x00007ffef70e0000 - 0x00007ffef7106000 	C:\WINDOWS\SYSTEM32\profapi.dll
0x00007ffed8b80000 - 0x00007ffed8b98000 	C:\Program Files\Java\jdk-19\bin\zip.dll
0x00007ffedf8c0000 - 0x00007ffedf8d3000 	C:\Program Files\Java\jdk-19\bin\net.dll
0x00007ffeee580000 - 0x00007ffeee6b7000 	C:\WINDOWS\SYSTEM32\WINHTTP.dll
0x00007ffef6620000 - 0x00007ffef6689000 	C:\WINDOWS\system32\mswsock.dll
0x00007ffedf8a0000 - 0x00007ffedf8b6000 	C:\Program Files\Java\jdk-19\bin\nio.dll
0x00007ffee6d20000 - 0x00007ffee6d3a000 	C:\Program Files\JetBrains\IntelliJ IDEA Community Edition 2022.2.3\bin\breakgen64.dll
0x00007ffedfe20000 - 0x00007ffedfe28000 	C:\Program Files\Java\jdk-19\bin\extnet.dll
0x00007ffef6970000 - 0x00007ffef698b000 	C:\WINDOWS\SYSTEM32\CRYPTSP.dll
0x00007ffef6110000 - 0x00007ffef6145000 	C:\WINDOWS\system32\rsaenh.dll
0x00007ffef66c0000 - 0x00007ffef66ec000 	C:\WINDOWS\SYSTEM32\USERENV.dll
0x00007ffef6950000 - 0x00007ffef695c000 	C:\WINDOWS\SYSTEM32\CRYPTBASE.dll
0x00007ffef5c20000 - 0x00007ffef5c4d000 	C:\WINDOWS\SYSTEM32\IPHLPAPI.DLL
0x00007ffef8a20000 - 0x00007ffef8a29000 	C:\WINDOWS\System32\NSI.dll
0x00007ffeee080000 - 0x00007ffeee099000 	C:\WINDOWS\SYSTEM32\dhcpcsvc6.DLL
0x00007ffeee060000 - 0x00007ffeee07f000 	C:\WINDOWS\SYSTEM32\dhcpcsvc.DLL
0x00007ffef5c50000 - 0x00007ffef5d49000 	C:\WINDOWS\SYSTEM32\DNSAPI.dll

dbghelp: loaded successfully - version: 4.0.5 - missing functions: none
symbol engine: initialized successfully - sym options: 0x614 - pdb path: .;C:\Program Files\Java\jdk-19\bin;C:\WINDOWS\SYSTEM32;C:\WINDOWS\WinSxS\amd64_microsoft.windows.common-controls_6595b64144ccf1df_6.0.22621.2506_none_270c5ae97388e100;C:\Program Files\Java\jdk-19\bin\server;C:\Program Files\JetBrains\IntelliJ IDEA Community Edition 2022.2.3\bin

VM Arguments:
jvm_args: -ea -Didea.test.cyclic.buffer.size=1048576 -javaagent:C:\Program Files\JetBrains\IntelliJ IDEA Community Edition 2022.2.3\lib\idea_rt.jar=65270:C:\Program Files\JetBrains\IntelliJ IDEA Community Edition 2022.2.3\bin -Dfile.encoding=UTF-8 -Dsun.stdout.encoding=UTF-8 -Dsun.stderr.encoding=UTF-8 
java_command: com.intellij.rt.testng.RemoteTestNGStarter -usedefaultlisteners false -socket65269 @w@C:\Users\anton\AppData\Local\Temp\idea_working_dirs_testng.tmp -temp C:\Users\anton\AppData\Local\Temp\idea_testng1.tmp
java_class_path (initial): C:\Program Files\JetBrains\IntelliJ IDEA Community Edition 2022.2.3\lib\idea_rt.jar;C:\Program Files\JetBrains\IntelliJ IDEA Community Edition 2022.2.3\plugins\testng\lib\testng-rt.jar;C:\Anton Ahmad\Belajar\Java\Udemy\Portofolio-LoginPage\target\test-classes;C:\Anton Ahmad\Belajar\Java\Udemy\Portofolio-LoginPage\target\classes;C:\Users\anton\.m2\repository\org\seleniumhq\selenium\selenium-java\4.18.1\selenium-java-4.18.1.jar;C:\Users\anton\.m2\repository\org\seleniumhq\selenium\selenium-api\4.18.1\selenium-api-4.18.1.jar;C:\Users\anton\.m2\repository\org\seleniumhq\selenium\selenium-chrome-driver\4.18.1\selenium-chrome-driver-4.18.1.jar;C:\Users\anton\.m2\repository\com\google\auto\service\auto-service-annotations\1.1.1\auto-service-annotations-1.1.1.jar;C:\Users\anton\.m2\repository\org\seleniumhq\selenium\selenium-chromium-driver\4.18.1\selenium-chromium-driver-4.18.1.jar;C:\Users\anton\.m2\repository\org\seleniumhq\selenium\selenium-json\4.18.1\selenium-json-4.18.1.jar;C:\Users\anton\.m2\repository\org\seleniumhq\selenium\selenium-manager\4.18.1\selenium-manager-4.18.1.jar;C:\Users\anton\.m2\repository\org\seleniumhq\selenium\selenium-devtools-v120\4.18.1\selenium-devtools-v120-4.18.1.jar;C:\Users\anton\.m2\repository\org\seleniumhq\selenium\selenium-devtools-v121\4.18.1\selenium-devtools-v121-4.18.1.jar;C:\Users\anton\.m2\repository\org\seleniumhq\selenium\selenium-devtools-v122\4.18.1\selenium-devtools-v122-4.18.1.jar;C:\Users\anton\.m2\repository\org\seleniumhq\selenium\selenium-devtools-v85\4.18.1\selenium-devtools-v85-4.18.1.jar;C:\Users\anton\.m2\repository\org\seleniumhq\selenium\selenium-edge-driver\4.18.1\selenium-edge-driver-4.18.1.jar;C:\Users\anton\.m2\repository\org\seleniumhq\selenium\selenium-firefox-driver\4.18.1\selenium-firefox-driver-4.18.1.jar;C:\Users\anton\.m2\repository\org\seleniumhq\selenium\selenium-http\4.18.1\selenium-http-4.18.1.jar;C:\Users\anton\.m2\repository\dev\failsafe\failsafe\3.3.2\failsafe-3.3.2.jar;C:\Users\anton\.m2\repository\org\seleniumhq\selenium\selenium-ie-driver\4.18.1\selenium-ie-driver-4.18.1.jar;C:\Users\anton\.m2\repository\org\seleniumhq\selenium\selenium-remote-driver\4.18.1\selenium-remote-driver-4.18.1.jar;C:\Users\anton\.m2\repository\com\google\guava\guava\33.0.0-jre\guava-33.0.0-jre.jar;C:\Users\anton\.m2\repository\com\google\guava\failureaccess\1.0.2\failureaccess-1.0.2.jar;C:\Users\anton\.m2\repository\com\google\guava\listenablefuture\9999.0-empty-to-avoid-conflict-with-guava\listenablefuture-9999.0-empty-to-avoid-conflict-with-guava.jar;C:\Users\anton\.m2\repository\com\google\code\findbugs\jsr305\3.0.2\jsr305-3.0.2.jar;C:\Users\anton\.m2\repository\org\checkerframework\checker-qual\3.41.0\checker-qual-3.41.0.jar;C:\Users\anton\.m2\repository\com\google\errorprone\error_prone_annotations\2.23.0\error_prone_annotations-2.23.0.jar;C:\Users\anton\.m2\repository\com\google\j2objc\j2objc-annotations\2.8\j2objc-annotations-2.8.jar;C:\Users\anton\.m2\repository\io\opentelemetry\semconv\opentelemetry-semconv\1.23.1-alpha\opentelemetry-semconv-1.23.1-alpha.jar;C:\Users\anton\.m2\repository\io\opentelemetry\opentelemetry-api\1.35.0\opentelemetry-api-1.35.0.jar;C:\Users\anton\.m2\repository\io\opentelemetry\opentelemetry-context\1.35.0\opentelemetry-context-1.35.0.jar;C:\Users\anton\.m2\repository\io\opentelemetry\opentelemetry-exporter-logging\1.35.0\opentelemetry-exporter-logging-1.35.0.jar;C:\Users\anton\.m2\repository\io\opentelemetry\opentelemetry-sdk-common\1.35.0\opentelemetry-sdk-common-1.35.0.jar;C:\Users\anton\.m2\repository\io\opentelemetry\opentelemetry-sdk-extension-autoconfigure-spi\1.35.0\opentelemetry-sdk-extension-autoconfigure-spi-1.35.0.jar;C:\Users\anton\.m2\repository\io\opentelemetry\opentelemetry-sdk-extension-autoconfigure\1.35.0\opentelemetry-sdk-extension-autoconfigure-1.35.0.jar;C:\Users\anton\.m2\repository\io\opentelemetry\opentelemetry-api-events\1.35.0-alpha\opentelemetry-api-events-1.35.0-alpha.jar;C:\Users\anton\.m2\repository\io\opentelemetry\opentelemetry-sdk-trace\1.35.0\opentelemetry-sdk-trace-1.35.0.jar;C:\Users\anton\.m2\repository\io\opentelemetry\opentelemetry-extension-incubator\1.35.0-alpha\opentelemetry-extension-incubator-1.35.0-alpha.jar;C:\Users\anton\.m2\repository\io\opentelemetry\opentelemetry-sdk\1.35.0\opentelemetry-sdk-1.35.0.jar;C:\Users\anton\.m2\repository\io\opentelemetry\opentelemetry-sdk-metrics\1.35.0\opentelemetry-sdk-metrics-1.35.0.jar;C:\Users\anton\.m2\repository\io\opentelemetry\opentelemetry-sdk-logs\1.35.0\opentelemetry-sdk-logs-1.35.0.jar;C:\Users\anton\.m2\repository\net\bytebuddy\byte-buddy\1.14.12\byte-buddy-1.14.12.jar;C:\Users\anton\.m2\repository\org\seleniumhq\selenium\selenium-os\4.18.1\selenium-os-4.18.1.jar;C:\Users\anton\.m2\repository\org\apache\commons\commons-exec\1.3\commons-exec-1.3.jar;C:\Users\anton\.m2\repository\org\seleniumhq\selenium\selenium-safari-driver\4.18.1\selenium-safari-driver-4.18.1.jar;C:\Users\anton\.m2\repository\org\seleniumhq\selenium\selenium-support\4.18.1\selenium-support-4.18.1.jar;C:\Users\anton\.m2\repository\io\cucumber\cucumber-java\7.15.0\cucumber-java-7.15.0.jar;C:\Users\anton\.m2\repository\io\cucumber\cucumber-core\7.15.0\cucumber-core-7.15.0.jar;C:\Users\anton\.m2\repository\io\cucumber\cucumber-gherkin\7.15.0\cucumber-gherkin-7.15.0.jar;C:\Users\anton\.m2\repository\io\cucumber\cucumber-gherkin-messages\7.15.0\cucumber-gherkin-messages-7.15.0.jar;C:\Users\anton\.m2\repository\io\cucumber\gherkin\26.2.0\gherkin-26.2.0.jar;C:\Users\anton\.m2\repository\io\cucumber\messages\22.0.0\messages-22.0.0.jar;C:\Users\anton\.m2\repository\io\cucumber\tag-expressions\6.0.0\tag-expressions-6.0.0.jar;C:\Users\anton\.m2\repository\io\cucumber\cucumber-expressions\17.0.1\cucumber-expressions-17.0.1.jar;C:\Users\anton\.m2\repository\io\cucumber\datatable\7.15.0\datatable-7.15.0.jar;C:\Users\anton\.m2\repository\io\cucumber\cucumber-plugin\7.15.0\cucumber-plugin-7.15.0.jar;C:\Users\anton\.m2\repository\io\cucumber\docstring\7.15.0\docstring-7.15.0.jar;C:\Users\anton\.m2\repository\io\cucumber\html-formatter\20.4.0\html-formatter-20.4.0.jar;C:\Users\anton\.m2\repository\io\cucumber\junit-xml-formatter\0.2.0\junit-xml-formatter-0.2.0.jar;C:\Users\anton\.m2\repository\io\cucumber\ci-environment\10.0.0\ci-environment-10.0.0.jar;C:\Users\anton\.m2\repository\org\apiguardian\apiguardian-api\1.1.2\apiguardian-api-1.1.2.jar;C:\Users\anton\.m2\repository\io\cucumber\cucumber-testng\7.15.0\cucumber-testng-7.15.0.jar;C:\Users\anton\.m2\repository\org\testng\testng\7.8.0\testng-7.8.0.jar;C:\Users\anton\.m2\repository\com\beust\jcommander\1.82\jcommander-1.82.jar;C:\Users\anton\.m2\repository\org\webjars\jquery\3.6.1\jquery-3.6.1.jar;C:\Users\anton\.m2\repository\org\slf4j\slf4j-api\2.0.12\slf4j-api-2.0.12.jar;C:\Users\anton\.m2\repository\org\apache\maven\plugins\maven-jar-plugin\3.3.0\maven-jar-plugin-3.3.0.jar;C:\Users\anton\.m2\repository\org\apache\maven\shared\file-management\3.1.0\file-management-3.1.0.jar;C:\Users\anton\.m2\repository\commons-io\commons-io\2.11.0\commons-io-2.11.0.jar;C:\Users\anton\.m2\repository\org\apache\maven\maven-archiver\3.6.0\maven-archiver-3.6.0.jar;C:\Users\anton\.m2\repository\org\codehaus\plexus\plexus-io\3.4.0\plexus-io-3.4.0.jar;C:\Users\anton\.m2\repository\javax\inject\javax.inject\1\javax.inject-1.jar;C:\Users\anton\.m2\repository\org\codehaus\plexus\plexus-archiver\4.4.0\plexus-archiver-4.4.0.jar;C:\Users\anton\.m2\repository\org\apache\commons\commons-compress\1.21\commons-compress-1.21.jar;C:\Users\anton\.m2\repository\org\iq80\snappy\snappy\0.4\snappy-0.4.jar;C:\Users\anton\.m2\repository\org\tukaani\xz\1.9\xz-1.9.jar;C:\Users\anton\.m2\repository\org\codehaus\plexus\plexus-interpolation\1.26\plexus-interpolation-1.26.jar;C:\Users\anton\.m2\repository\org\codehaus\plexus\plexus-utils\3.4.2\plexus-utils-3.4.2.jar;C:\Users\anton\.m2\repository\org\apache\commons\commons-lang3\3.13.0\commons-lang3-3.13.0.jar;C:\Users\anton\.m2\repository\io\cucumber\cucumber-picocontainer\7.14.0\cucumber-picocontainer-7.14.0.jar;C:\Users\anton\.m2\repository\org\picocontainer\picocontainer\2.15\picocontainer-2.15.jar;C:\Users\anton\.m2\repository\org\apache\maven\plugins\maven-surefire-plugin\2.12.4\maven-surefire-plugin-2.12.4.jar;C:\Users\anton\.m2\repository\org\apache\maven\maven-plugin-api\2.0.9\maven-plugin-api-2.0.9.jar;C:\Users\anton\.m2\repository\org\apache\maven\surefire\surefire-booter\2.12.4\surefire-booter-2.12.4.jar;C:\Users\anton\.m2\repository\org\apache\maven\surefire\surefire-api\2.12.4\surefire-api-2.12.4.jar;C:\Users\anton\.m2\repository\org\apache\maven\surefire\maven-surefire-common\2.12.4\maven-surefire-common-2.12.4.jar;C:\Users\anton\.m2\repository\org\apache\maven\shared\maven-common-artifact-filters\1.3\maven-common-artifact-filters-1.3.jar;C:\Users\anton\.m2\repository\org\apache\maven\maven-artifact\2.0.9\maven-artifact-2.0.9.jar;C:\Users\anton\.m2\repository\org\apache\maven\maven-project\2.0.9\maven-project-2.0.9.jar;C:\Users\anton\.m2\repository\org\apache\maven\maven-settings\2.0.9\maven-settings-2.0.9.jar;C:\Users\anton\.m2\repository\org\apache\maven\maven-profile\2.0.9\maven-profile-2.0.9.jar;C:\Users\anton\.m2\repository\org\apache\maven\maven-model\2.0.9\maven-model-2.0.9.jar;C:\Users\anton\.m2\repository\org\apache\maven\maven-artifact-manager\2.0.9\maven-artifact-manager-2.0.9.jar;C:\Users\anton\.m2\repository\org\apache\maven\maven-plugin-registry\2.0.9\maven-plugin-registry-2.0.9.jar;C:\Users\anton\.m2\repository\org\codehaus\plexus\plexus-container-default\1.0-alpha-9-stable-1\plexus-container-default-1.0-alpha-9-stable-1.jar;C:\Users\anton\.m2\repository\junit\junit\3.8.1\junit-3.8.1.jar;C:\Users\anton\.m2\repository\org\apache\maven\maven-core\2.0.9\maven-core-2.0.9.jar;C:\Users\anton\.m2\repository\org\apache\maven\maven-plugin-parameter-documenter\2.0.9\maven-plugin-parameter-documenter-2.0.9.jar;C:\Users\anton\.m2\repository\org\apache\maven\reporting\maven-reporting-api\2.0.9\maven-reporting-api-2.0.9.jar;C:\Users\anton\.m2\repository\org\apache\maven\wagon\wagon-provider-api\1.0-beta-2\wagon-provider-api-1.0-beta-2.jar;C:\Users\anton\.m2\repository\org\apache\maven\maven-repository-metadata\2.0.9\maven-repository-metadata-2.0.9.jar;C:\Users\anton\.m2\repository\org\apache\maven\maven-error-diagnostics\2.0.9\maven-error-diagnostics-2.0.9.jar;C:\Users\anton\.m2\repository\org\apache\maven\maven-plugin-descriptor\2.0.9\maven-plugin-descriptor-2.0.9.jar;C:\Users\anton\.m2\repository\org\apache\maven\maven-monitor\2.0.9\maven-monitor-2.0.9.jar;C:\Users\anton\.m2\repository\classworlds\classworlds\1.1\classworlds-1.1.jar;C:\Users\anton\.m2\repository\org\apache\maven\maven-toolchain\2.0.9\maven-toolchain-2.0.9.jar;C:\Users\anton\.m2\repository\org\apache\maven\plugin-tools\maven-plugin-annotations\3.1\maven-plugin-annotations-3.1.jar;C:\Users\anton\.m2\repository\org\slf4j\slf4j-simple\2.0.12\slf4j-simple-2.0.12.jar
Launcher Type: SUN_STANDARD

[Global flags]
     intx CICompilerCount                          = 4                                         {product} {ergonomic}
     uint ConcGCThreads                            = 2                                         {product} {ergonomic}
     uint G1ConcRefinementThreads                  = 8                                         {product} {ergonomic}
   size_t G1HeapRegionSize                         = 1048576                                   {product} {ergonomic}
    uintx GCDrainStackTargetSize                   = 64                                        {product} {ergonomic}
   size_t InitialHeapSize                          = 132120576                                 {product} {ergonomic}
   size_t MarkStackSize                            = 4194304                                   {product} {ergonomic}
   size_t MaxHeapSize                              = 2095054848                                {product} {ergonomic}
   size_t MaxNewSize                               = 1256194048                                {product} {ergonomic}
   size_t MinHeapDeltaBytes                        = 1048576                                   {product} {ergonomic}
   size_t MinHeapSize                              = 8388608                                   {product} {ergonomic}
    uintx NonNMethodCodeHeapSize                   = 5839372                                {pd product} {ergonomic}
    uintx NonProfiledCodeHeapSize                  = 122909434                              {pd product} {ergonomic}
    uintx ProfiledCodeHeapSize                     = 122909434                              {pd product} {ergonomic}
    uintx ReservedCodeCacheSize                    = 251658240                              {pd product} {ergonomic}
     bool SegmentedCodeCache                       = true                                      {product} {ergonomic}
   size_t SoftMaxHeapSize                          = 2095054848                             {manageable} {ergonomic}
     bool UseCompressedClassPointers               = true                           {product lp64_product} {ergonomic}
     bool UseCompressedOops                        = true                           {product lp64_product} {ergonomic}
     bool UseG1GC                                  = true                                      {product} {ergonomic}
     bool UseLargePagesIndividualAllocation        = false                                  {pd product} {ergonomic}

Logging:
Log output configuration:
 #0: stdout all=warning uptime,level,tags foldmultilines=false
 #1: stderr all=off uptime,level,tags foldmultilines=false

Environment Variables:
JAVA_HOME=C:\Program Files\Java\jdk-17
PATH=C:\Program Files\Java\jdk-17\bin;C:\Program Files\Java\jdk-21\bin;C:\oracle\db\app\anton\product\12.1.0\dbhome_1\bin;C:\DevSuiteHome_1\jdk\jre\bin\classic;C:\DevSuiteHome_1\jdk\jre\bin;C:\DevSuiteHome_1\jdk\jre\bin\client;C:\DevSuiteHome_1\jlib;C:\DevSuiteHome_1\bin;C:\DevSuiteHome_1\jre\1.4.2\bin\client;C:\DevSuiteHome_1\jre\1.4.2\bin;C:\Program Files\Common Files\Oracle\Java\javapath;C:\Program Files\Eclipse Adoptium\jdk-17.0.5.8-hotspot\bin;C:\Program Files (x86)\Common Files\Oracle\Java\javapath;C:\WINDOWS\system32;C:\WINDOWS;C:\WINDOWS\System32\Wbem;C:\WINDOWS\System32\WindowsPowerShell\v1.0\;C:\WINDOWS\System32\OpenSSH\;C:\Program Files (x86)\Pulse Secure\VC142.CRT\X64\;C:\Program Files (x86)\Pulse Secure\VC142.CRT\X86\;C:\Program Files (x86)\Common Files\Pulse Secure\TNC Client Plugin\;C:\Program Files\Git\cmd;C:\Program Files (x86)\GitExtensions\;C:\Program Files\Java\jdk-17\bin;C:\Program Files\Dev_Programs\apache-maven-3.9.4\bin;C:\Program Files\Java\jdk-21\bin;C:\Ruby32-x64\bin;C:\Users\anton\AppData\Local\Programs\Python\Python311\Scripts\;C:\Users\anton\AppData\Local\Programs\Python\Python311\;C:\Webdriver;C:\ToadClient\instantclient_11_2;C:\ToadClient\instantclient_21_7;C:\Users\anton\AppData\Local\Microsoft\WindowsApps;C:\Users\anton\AppData\Local\Programs\Microsoft VS Code\bin;C:\maven\apache-maven-3.8.6;C:\maven\apache-maven-3.8.6\apache-maven\src\bin;C:\Users\anton\IdeaProjects\Imback\driver;
USERNAME=anton
OS=Windows_NT
PROCESSOR_IDENTIFIER=Intel64 Family 6 Model 140 Stepping 1, GenuineIntel
TMP=C:\Users\anton\AppData\Local\Temp
TEMP=C:\Users\anton\AppData\Local\Temp



---------------  S Y S T E M  ---------------

OS:
 Windows 11 , 64 bit Build 22621 (10.0.22621.3085)
OS uptime: 0 days 2:40 hours
Hyper-V role detected

CPU: total 8 (initial active 8) (4 cores per cpu, 2 threads per core) family 6 model 140 stepping 1 microcode 0x8a, cx8, cmov, fxsr, ht, mmx, 3dnowpref, sse, sse2, sse3, ssse3, sse4.1, sse4.2, popcnt, lzcnt, tsc, tscinvbit, avx, avx2, aes, erms, clmul, bmi1, bmi2, adx, avx512f, avx512dq, avx512cd, avx512bw, avx512vl, sha, fma, vzeroupper, avx512_vpopcntdq, avx512_vpclmulqdq, avx512_vaes, avx512_vnni, clflush, clflushopt, clwb, avx512_vbmi2, avx512_vbmi, hv, rdtscp, rdpid, fsrm, gfni, avx512_bitalg

Memory: 4k page, system-wide physical 7991M (543M free)
TotalPageFile size 12991M (AvailPageFile size 0M)
current process WorkingSet (physical memory assigned to process): 69M, peak: 69M
current process commit charge ("private bytes"): 226M, peak: 227M

vm_info: Java HotSpot(TM) 64-Bit Server VM (19.0.1+10-21) for windows-amd64 JRE (19.0.1+10-21), built on 2022-09-14T12:45:06Z by "mach5one" with MS VC++ 17.1 (VS2022)

END.
