#
# There is insufficient memory for the Java Runtime Environment to continue.
# Native memory allocation (malloc) failed to allocate 334736 bytes for Chunk::new
# Possible reasons:
#   The system is out of physical RAM or swap space
#   The process is running with CompressedOops enabled, and the Java Heap may be blocking the growth of the native heap
# Possible solutions:
#   Reduce memory load on the system
#   Increase physical memory or swap space
#   Check if swap backing store is full
#   Decrease Java heap size (-Xmx/-Xms)
#   Decrease number of Java threads
#   Decrease Java thread stack sizes (-Xss)
#   Set larger code cache with -XX:ReservedCodeCacheSize=
#   JVM is running with Unscaled Compressed Oops mode in which the Java heap is
#     placed in the first 4GB address space. The Java Heap base address is the
#     maximum limit for the native heap growth. Please use -XX:HeapBaseMinAddress
#     to set the Java Heap base and to place the Java Heap above 4GB virtual address.
# This output file may be truncated or incomplete.
#
#  Out of Memory Error (arena.cpp:184), pid=2620, tid=14304
#
# JRE version: Java(TM) SE Runtime Environment (19.0.1+10) (build 19.0.1+10-21)
# Java VM: Java HotSpot(TM) 64-Bit Server VM (19.0.1+10-21, mixed mode, sharing, tiered, compressed oops, compressed class ptrs, g1 gc, windows-amd64)
# No core dump will be written. Minidumps are not enabled by default on client versions of Windows
#

---------------  S U M M A R Y ------------

Command Line: -ea -Didea.test.cyclic.buffer.size=1048576 -javaagent:C:\Program Files\JetBrains\IntelliJ IDEA Community Edition 2022.2.3\lib\idea_rt.jar=57001:C:\Program Files\JetBrains\IntelliJ IDEA Community Edition 2022.2.3\bin -Dfile.encoding=UTF-8 -Dsun.stdout.encoding=UTF-8 -Dsun.stderr.encoding=UTF-8 com.intellij.rt.testng.RemoteTestNGStarter -usedefaultlisteners false -socket57000 @w@C:\Users\anton\AppData\Local\Temp\idea_working_dirs_testng.tmp -temp C:\Users\anton\AppData\Local\Temp\idea_testng1.tmp

Host: 11th Gen Intel(R) Core(TM) i7-1165G7 @ 2.80GHz, 8 cores, 7G,  Windows 11 , 64 bit Build 22621 (10.0.22621.3085)
Time: Sun Mar 10 01:26:32 2024 SE Asia Standard Time elapsed time: 0.926830 seconds (0d 0h 0m 0s)

---------------  T H R E A D  ---------------

Current thread (0x000001827babe090):  JavaThread "C2 CompilerThread1" daemon [_thread_in_native, id=14304, stack(0x0000001581800000,0x0000001581900000)]


Current CompileTask:
C2:    927  908 %     4       sun.security.provider.SHA::implCompress0 @ 27 (506 bytes)

Stack: [0x0000001581800000,0x0000001581900000]
Native frames: (J=compiled Java code, j=interpreted, Vv=VM code, C=native code)
V  [jvm.dll+0x6ee8fa]
V  [jvm.dll+0x857a1e]
V  [jvm.dll+0x85940e]
V  [jvm.dll+0x859ac3]
V  [jvm.dll+0x28291f]
V  [jvm.dll+0xc9b5f]
V  [jvm.dll+0xc9ee5]
V  [jvm.dll+0x2f7c6f]
V  [jvm.dll+0x5f0c5b]
V  [jvm.dll+0x2551fc]
V  [jvm.dll+0x24e097]
V  [jvm.dll+0x24b563]
V  [jvm.dll+0x1d6d61]
V  [jvm.dll+0x25b0fa]
V  [jvm.dll+0x259588]
V  [jvm.dll+0x807928]
V  [jvm.dll+0x8015fa]
V  [jvm.dll+0x6ed5eb]
C  [ucrtbase.dll+0x29363]
C  [KERNEL32.DLL+0x1257d]
C  [ntdll.dll+0x5aa58]


---------------  P R O C E S S  ---------------

Threads class SMR info:
_java_thread_list=0x000001827b9a38b0, length=14, elements={
0x0000018258e76140, 0x000001827757c7e0, 0x000001827757d770, 0x0000018277580a70,
0x00000182775825b0, 0x0000018277585290, 0x000001827758cac0, 0x0000018277597860,
0x000001827759ff90, 0x00000182775aeac0, 0x0000018277553160, 0x000001827b9a8210,
0x000001827b9ed110, 0x000001827babe090
}

Java Threads: ( => current thread )
  0x0000018258e76140 JavaThread "main" [_thread_in_vm, id=4284, stack(0x0000001580400000,0x0000001580500000)]
  0x000001827757c7e0 JavaThread "Reference Handler" daemon [_thread_blocked, id=8208, stack(0x0000001580b00000,0x0000001580c00000)]
  0x000001827757d770 JavaThread "Finalizer" daemon [_thread_blocked, id=12864, stack(0x0000001580c00000,0x0000001580d00000)]
  0x0000018277580a70 JavaThread "Signal Dispatcher" daemon [_thread_blocked, id=18032, stack(0x0000001580d00000,0x0000001580e00000)]
  0x00000182775825b0 JavaThread "Attach Listener" daemon [_thread_blocked, id=7492, stack(0x0000001580e00000,0x0000001580f00000)]
  0x0000018277585290 JavaThread "Service Thread" daemon [_thread_blocked, id=4288, stack(0x0000001580f00000,0x0000001581000000)]
  0x000001827758cac0 JavaThread "Monitor Deflation Thread" daemon [_thread_blocked, id=1728, stack(0x0000001581000000,0x0000001581100000)]
  0x0000018277597860 JavaThread "C2 CompilerThread0" daemon [_thread_in_native, id=12248, stack(0x0000001581100000,0x0000001581200000)]
  0x000001827759ff90 JavaThread "C1 CompilerThread0" daemon [_thread_in_native, id=16568, stack(0x0000001581200000,0x0000001581300000)]
  0x00000182775aeac0 JavaThread "Sweeper thread" daemon [_thread_blocked, id=18632, stack(0x0000001581300000,0x0000001581400000)]
  0x0000018277553160 JavaThread "Common-Cleaner" daemon [_thread_blocked, id=2156, stack(0x0000001581400000,0x0000001581500000)]
  0x000001827b9a8210 JavaThread "Monitor Ctrl-Break" daemon [_thread_in_native, id=11712, stack(0x0000001581500000,0x0000001581600000)]
  0x000001827b9ed110 JavaThread "Notification Thread" daemon [_thread_blocked, id=1972, stack(0x0000001581600000,0x0000001581700000)]
=>0x000001827babe090 JavaThread "C2 CompilerThread1" daemon [_thread_in_native, id=14304, stack(0x0000001581800000,0x0000001581900000)]

Other Threads:
  0x0000018277565110 VMThread "VM Thread" [stack: 0x0000001580a00000,0x0000001580b00000] [id=16408]
  0x000001827b9a8750 WatcherThread "VM Periodic Task Thread" [stack: 0x0000001581700000,0x0000001581800000] [id=19396]
  0x0000018258ed5b10 WorkerThread "GC Thread#0" [stack: 0x0000001580500000,0x0000001580600000] [id=17280]
  0x0000018258ee6340 ConcurrentGCThread "G1 Main Marker" [stack: 0x0000001580600000,0x0000001580700000] [id=5992]
  0x0000018258ee95e0 WorkerThread "G1 Conc#0" [stack: 0x0000001580700000,0x0000001580800000] [id=13944]
  0x000001827741d180 ConcurrentGCThread "G1 Refine#0" [stack: 0x0000001580800000,0x0000001580900000] [id=13460]
  0x000001827741dbd0 ConcurrentGCThread "G1 Service" [stack: 0x0000001580900000,0x0000001580a00000] [id=10304]

Threads with active compile tasks:
C2 CompilerThread0      968  917       4       java.io.WinNTFileSystem::normalize (143 bytes)
C1 CompilerThread0      968  921       3       java.net.URLStreamHandler::parseURL (1124 bytes)
C2 CompilerThread1      968  908 %     4       sun.security.provider.SHA::implCompress0 @ 27 (506 bytes)

VM state: not at safepoint (normal execution)

VM Mutex/Monitor currently owned by a thread: None

Heap address: 0x0000000083200000, size: 1998 MB, Compressed Oops mode: 32-bit

CDS archive(s) mapped at: [0x0000000800000000-0x0000000800c40000-0x0000000800c40000), size 12845056, SharedBaseAddress: 0x0000000800000000, ArchiveRelocationMode: 0.
Compressed class space mapped at: 0x0000000801000000-0x0000000841000000, reserved size: 1073741824
Narrow klass base: 0x0000000800000000, Narrow klass shift: 0, Narrow klass range: 0x100000000

GC Precious Log:
 CardTable entry size: 512
 Card Set container configuration: InlinePtr #cards 5 size 8 Array Of Cards #cards 12 size 40 Howl #buckets 4 coarsen threshold 1843 Howl Bitmap #cards 512 size 80 coarsen threshold 460 Card regions per heap region 1 cards per card region 2048
 CPUs: 8 total, 8 available
 Memory: 7991M
 Large Page Support: Disabled
 NUMA Support: Disabled
 Compressed Oops: Enabled (32-bit)
 Heap Region Size: 1M
 Heap Min Capacity: 8M
 Heap Initial Capacity: 126M
 Heap Max Capacity: 1998M
 Pre-touch: Disabled
 Parallel Workers: 8
 Concurrent Workers: 2
 Concurrent Refinement Workers: 8
 Periodic GC: Disabled

Heap:
 garbage-first heap   total 129024K, used 12288K [0x0000000083200000, 0x0000000100000000)
  region size 1024K, 13 young (13312K), 0 survivors (0K)
 Metaspace       used 4964K, committed 5184K, reserved 1114112K
  class space    used 519K, committed 640K, reserved 1048576K

Heap Regions: E=young(eden), S=young(survivor), O=old, HS=humongous(starts), HC=humongous(continues), CS=collection set, F=free, OA=open archive, CA=closed archive, TAMS=top-at-mark-start (previous, next)
|   0|0x0000000083200000, 0x0000000083200000, 0x0000000083300000|  0%| F|  |TAMS 0x0000000083200000, 0x0000000083200000| Untracked 
|   1|0x0000000083300000, 0x0000000083300000, 0x0000000083400000|  0%| F|  |TAMS 0x0000000083300000, 0x0000000083300000| Untracked 
|   2|0x0000000083400000, 0x0000000083400000, 0x0000000083500000|  0%| F|  |TAMS 0x0000000083400000, 0x0000000083400000| Untracked 
|   3|0x0000000083500000, 0x0000000083500000, 0x0000000083600000|  0%| F|  |TAMS 0x0000000083500000, 0x0000000083500000| Untracked 
|   4|0x0000000083600000, 0x0000000083600000, 0x0000000083700000|  0%| F|  |TAMS 0x0000000083600000, 0x0000000083600000| Untracked 
|   5|0x0000000083700000, 0x0000000083700000, 0x0000000083800000|  0%| F|  |TAMS 0x0000000083700000, 0x0000000083700000| Untracked 
|   6|0x0000000083800000, 0x0000000083800000, 0x0000000083900000|  0%| F|  |TAMS 0x0000000083800000, 0x0000000083800000| Untracked 
|   7|0x0000000083900000, 0x0000000083900000, 0x0000000083a00000|  0%| F|  |TAMS 0x0000000083900000, 0x0000000083900000| Untracked 
|   8|0x0000000083a00000, 0x0000000083a00000, 0x0000000083b00000|  0%| F|  |TAMS 0x0000000083a00000, 0x0000000083a00000| Untracked 
|   9|0x0000000083b00000, 0x0000000083b00000, 0x0000000083c00000|  0%| F|  |TAMS 0x0000000083b00000, 0x0000000083b00000| Untracked 
|  10|0x0000000083c00000, 0x0000000083c00000, 0x0000000083d00000|  0%| F|  |TAMS 0x0000000083c00000, 0x0000000083c00000| Untracked 
|  11|0x0000000083d00000, 0x0000000083d00000, 0x0000000083e00000|  0%| F|  |TAMS 0x0000000083d00000, 0x0000000083d00000| Untracked 
|  12|0x0000000083e00000, 0x0000000083e00000, 0x0000000083f00000|  0%| F|  |TAMS 0x0000000083e00000, 0x0000000083e00000| Untracked 
|  13|0x0000000083f00000, 0x0000000083f00000, 0x0000000084000000|  0%| F|  |TAMS 0x0000000083f00000, 0x0000000083f00000| Untracked 
|  14|0x0000000084000000, 0x0000000084000000, 0x0000000084100000|  0%| F|  |TAMS 0x0000000084000000, 0x0000000084000000| Untracked 
|  15|0x0000000084100000, 0x0000000084100000, 0x0000000084200000|  0%| F|  |TAMS 0x0000000084100000, 0x0000000084100000| Untracked 
|  16|0x0000000084200000, 0x0000000084200000, 0x0000000084300000|  0%| F|  |TAMS 0x0000000084200000, 0x0000000084200000| Untracked 
|  17|0x0000000084300000, 0x0000000084300000, 0x0000000084400000|  0%| F|  |TAMS 0x0000000084300000, 0x0000000084300000| Untracked 
|  18|0x0000000084400000, 0x0000000084400000, 0x0000000084500000|  0%| F|  |TAMS 0x0000000084400000, 0x0000000084400000| Untracked 
|  19|0x0000000084500000, 0x0000000084500000, 0x0000000084600000|  0%| F|  |TAMS 0x0000000084500000, 0x0000000084500000| Untracked 
|  20|0x0000000084600000, 0x0000000084600000, 0x0000000084700000|  0%| F|  |TAMS 0x0000000084600000, 0x0000000084600000| Untracked 
|  21|0x0000000084700000, 0x0000000084700000, 0x0000000084800000|  0%| F|  |TAMS 0x0000000084700000, 0x0000000084700000| Untracked 
|  22|0x0000000084800000, 0x0000000084800000, 0x0000000084900000|  0%| F|  |TAMS 0x0000000084800000, 0x0000000084800000| Untracked 
|  23|0x0000000084900000, 0x0000000084900000, 0x0000000084a00000|  0%| F|  |TAMS 0x0000000084900000, 0x0000000084900000| Untracked 
|  24|0x0000000084a00000, 0x0000000084a00000, 0x0000000084b00000|  0%| F|  |TAMS 0x0000000084a00000, 0x0000000084a00000| Untracked 
|  25|0x0000000084b00000, 0x0000000084b00000, 0x0000000084c00000|  0%| F|  |TAMS 0x0000000084b00000, 0x0000000084b00000| Untracked 
|  26|0x0000000084c00000, 0x0000000084c00000, 0x0000000084d00000|  0%| F|  |TAMS 0x0000000084c00000, 0x0000000084c00000| Untracked 
|  27|0x0000000084d00000, 0x0000000084d00000, 0x0000000084e00000|  0%| F|  |TAMS 0x0000000084d00000, 0x0000000084d00000| Untracked 
|  28|0x0000000084e00000, 0x0000000084e00000, 0x0000000084f00000|  0%| F|  |TAMS 0x0000000084e00000, 0x0000000084e00000| Untracked 
|  29|0x0000000084f00000, 0x0000000084f00000, 0x0000000085000000|  0%| F|  |TAMS 0x0000000084f00000, 0x0000000084f00000| Untracked 
|  30|0x0000000085000000, 0x0000000085000000, 0x0000000085100000|  0%| F|  |TAMS 0x0000000085000000, 0x0000000085000000| Untracked 
|  31|0x0000000085100000, 0x0000000085100000, 0x0000000085200000|  0%| F|  |TAMS 0x0000000085100000, 0x0000000085100000| Untracked 
|  32|0x0000000085200000, 0x0000000085200000, 0x0000000085300000|  0%| F|  |TAMS 0x0000000085200000, 0x0000000085200000| Untracked 
|  33|0x0000000085300000, 0x0000000085300000, 0x0000000085400000|  0%| F|  |TAMS 0x0000000085300000, 0x0000000085300000| Untracked 
|  34|0x0000000085400000, 0x0000000085400000, 0x0000000085500000|  0%| F|  |TAMS 0x0000000085400000, 0x0000000085400000| Untracked 
|  35|0x0000000085500000, 0x0000000085500000, 0x0000000085600000|  0%| F|  |TAMS 0x0000000085500000, 0x0000000085500000| Untracked 
|  36|0x0000000085600000, 0x0000000085600000, 0x0000000085700000|  0%| F|  |TAMS 0x0000000085600000, 0x0000000085600000| Untracked 
|  37|0x0000000085700000, 0x0000000085700000, 0x0000000085800000|  0%| F|  |TAMS 0x0000000085700000, 0x0000000085700000| Untracked 
|  38|0x0000000085800000, 0x0000000085800000, 0x0000000085900000|  0%| F|  |TAMS 0x0000000085800000, 0x0000000085800000| Untracked 
|  39|0x0000000085900000, 0x0000000085900000, 0x0000000085a00000|  0%| F|  |TAMS 0x0000000085900000, 0x0000000085900000| Untracked 
|  40|0x0000000085a00000, 0x0000000085a00000, 0x0000000085b00000|  0%| F|  |TAMS 0x0000000085a00000, 0x0000000085a00000| Untracked 
|  41|0x0000000085b00000, 0x0000000085b00000, 0x0000000085c00000|  0%| F|  |TAMS 0x0000000085b00000, 0x0000000085b00000| Untracked 
|  42|0x0000000085c00000, 0x0000000085c00000, 0x0000000085d00000|  0%| F|  |TAMS 0x0000000085c00000, 0x0000000085c00000| Untracked 
|  43|0x0000000085d00000, 0x0000000085d00000, 0x0000000085e00000|  0%| F|  |TAMS 0x0000000085d00000, 0x0000000085d00000| Untracked 
|  44|0x0000000085e00000, 0x0000000085e00000, 0x0000000085f00000|  0%| F|  |TAMS 0x0000000085e00000, 0x0000000085e00000| Untracked 
|  45|0x0000000085f00000, 0x0000000085f00000, 0x0000000086000000|  0%| F|  |TAMS 0x0000000085f00000, 0x0000000085f00000| Untracked 
|  46|0x0000000086000000, 0x0000000086000000, 0x0000000086100000|  0%| F|  |TAMS 0x0000000086000000, 0x0000000086000000| Untracked 
|  47|0x0000000086100000, 0x0000000086100000, 0x0000000086200000|  0%| F|  |TAMS 0x0000000086100000, 0x0000000086100000| Untracked 
|  48|0x0000000086200000, 0x0000000086200000, 0x0000000086300000|  0%| F|  |TAMS 0x0000000086200000, 0x0000000086200000| Untracked 
|  49|0x0000000086300000, 0x0000000086300000, 0x0000000086400000|  0%| F|  |TAMS 0x0000000086300000, 0x0000000086300000| Untracked 
|  50|0x0000000086400000, 0x0000000086400000, 0x0000000086500000|  0%| F|  |TAMS 0x0000000086400000, 0x0000000086400000| Untracked 
|  51|0x0000000086500000, 0x0000000086500000, 0x0000000086600000|  0%| F|  |TAMS 0x0000000086500000, 0x0000000086500000| Untracked 
|  52|0x0000000086600000, 0x0000000086600000, 0x0000000086700000|  0%| F|  |TAMS 0x0000000086600000, 0x0000000086600000| Untracked 
|  53|0x0000000086700000, 0x0000000086700000, 0x0000000086800000|  0%| F|  |TAMS 0x0000000086700000, 0x0000000086700000| Untracked 
|  54|0x0000000086800000, 0x0000000086800000, 0x0000000086900000|  0%| F|  |TAMS 0x0000000086800000, 0x0000000086800000| Untracked 
|  55|0x0000000086900000, 0x0000000086900000, 0x0000000086a00000|  0%| F|  |TAMS 0x0000000086900000, 0x0000000086900000| Untracked 
|  56|0x0000000086a00000, 0x0000000086a00000, 0x0000000086b00000|  0%| F|  |TAMS 0x0000000086a00000, 0x0000000086a00000| Untracked 
|  57|0x0000000086b00000, 0x0000000086b00000, 0x0000000086c00000|  0%| F|  |TAMS 0x0000000086b00000, 0x0000000086b00000| Untracked 
|  58|0x0000000086c00000, 0x0000000086c00000, 0x0000000086d00000|  0%| F|  |TAMS 0x0000000086c00000, 0x0000000086c00000| Untracked 
|  59|0x0000000086d00000, 0x0000000086d00000, 0x0000000086e00000|  0%| F|  |TAMS 0x0000000086d00000, 0x0000000086d00000| Untracked 
|  60|0x0000000086e00000, 0x0000000086e00000, 0x0000000086f00000|  0%| F|  |TAMS 0x0000000086e00000, 0x0000000086e00000| Untracked 
|  61|0x0000000086f00000, 0x0000000086f00000, 0x0000000087000000|  0%| F|  |TAMS 0x0000000086f00000, 0x0000000086f00000| Untracked 
|  62|0x0000000087000000, 0x0000000087000000, 0x0000000087100000|  0%| F|  |TAMS 0x0000000087000000, 0x0000000087000000| Untracked 
|  63|0x0000000087100000, 0x0000000087100000, 0x0000000087200000|  0%| F|  |TAMS 0x0000000087100000, 0x0000000087100000| Untracked 
|  64|0x0000000087200000, 0x0000000087200000, 0x0000000087300000|  0%| F|  |TAMS 0x0000000087200000, 0x0000000087200000| Untracked 
|  65|0x0000000087300000, 0x0000000087300000, 0x0000000087400000|  0%| F|  |TAMS 0x0000000087300000, 0x0000000087300000| Untracked 
|  66|0x0000000087400000, 0x0000000087400000, 0x0000000087500000|  0%| F|  |TAMS 0x0000000087400000, 0x0000000087400000| Untracked 
|  67|0x0000000087500000, 0x0000000087500000, 0x0000000087600000|  0%| F|  |TAMS 0x0000000087500000, 0x0000000087500000| Untracked 
|  68|0x0000000087600000, 0x0000000087600000, 0x0000000087700000|  0%| F|  |TAMS 0x0000000087600000, 0x0000000087600000| Untracked 
|  69|0x0000000087700000, 0x0000000087700000, 0x0000000087800000|  0%| F|  |TAMS 0x0000000087700000, 0x0000000087700000| Untracked 
|  70|0x0000000087800000, 0x0000000087800000, 0x0000000087900000|  0%| F|  |TAMS 0x0000000087800000, 0x0000000087800000| Untracked 
|  71|0x0000000087900000, 0x0000000087900000, 0x0000000087a00000|  0%| F|  |TAMS 0x0000000087900000, 0x0000000087900000| Untracked 
|  72|0x0000000087a00000, 0x0000000087a00000, 0x0000000087b00000|  0%| F|  |TAMS 0x0000000087a00000, 0x0000000087a00000| Untracked 
|  73|0x0000000087b00000, 0x0000000087b00000, 0x0000000087c00000|  0%| F|  |TAMS 0x0000000087b00000, 0x0000000087b00000| Untracked 
|  74|0x0000000087c00000, 0x0000000087c00000, 0x0000000087d00000|  0%| F|  |TAMS 0x0000000087c00000, 0x0000000087c00000| Untracked 
|  75|0x0000000087d00000, 0x0000000087d00000, 0x0000000087e00000|  0%| F|  |TAMS 0x0000000087d00000, 0x0000000087d00000| Untracked 
|  76|0x0000000087e00000, 0x0000000087e00000, 0x0000000087f00000|  0%| F|  |TAMS 0x0000000087e00000, 0x0000000087e00000| Untracked 
|  77|0x0000000087f00000, 0x0000000087f00000, 0x0000000088000000|  0%| F|  |TAMS 0x0000000087f00000, 0x0000000087f00000| Untracked 
|  78|0x0000000088000000, 0x0000000088000000, 0x0000000088100000|  0%| F|  |TAMS 0x0000000088000000, 0x0000000088000000| Untracked 
|  79|0x0000000088100000, 0x0000000088100000, 0x0000000088200000|  0%| F|  |TAMS 0x0000000088100000, 0x0000000088100000| Untracked 
|  80|0x0000000088200000, 0x0000000088200000, 0x0000000088300000|  0%| F|  |TAMS 0x0000000088200000, 0x0000000088200000| Untracked 
|  81|0x0000000088300000, 0x0000000088300000, 0x0000000088400000|  0%| F|  |TAMS 0x0000000088300000, 0x0000000088300000| Untracked 
|  82|0x0000000088400000, 0x0000000088400000, 0x0000000088500000|  0%| F|  |TAMS 0x0000000088400000, 0x0000000088400000| Untracked 
|  83|0x0000000088500000, 0x0000000088500000, 0x0000000088600000|  0%| F|  |TAMS 0x0000000088500000, 0x0000000088500000| Untracked 
|  84|0x0000000088600000, 0x0000000088600000, 0x0000000088700000|  0%| F|  |TAMS 0x0000000088600000, 0x0000000088600000| Untracked 
|  85|0x0000000088700000, 0x0000000088700000, 0x0000000088800000|  0%| F|  |TAMS 0x0000000088700000, 0x0000000088700000| Untracked 
|  86|0x0000000088800000, 0x0000000088800000, 0x0000000088900000|  0%| F|  |TAMS 0x0000000088800000, 0x0000000088800000| Untracked 
|  87|0x0000000088900000, 0x0000000088900000, 0x0000000088a00000|  0%| F|  |TAMS 0x0000000088900000, 0x0000000088900000| Untracked 
|  88|0x0000000088a00000, 0x0000000088a00000, 0x0000000088b00000|  0%| F|  |TAMS 0x0000000088a00000, 0x0000000088a00000| Untracked 
|  89|0x0000000088b00000, 0x0000000088b00000, 0x0000000088c00000|  0%| F|  |TAMS 0x0000000088b00000, 0x0000000088b00000| Untracked 
|  90|0x0000000088c00000, 0x0000000088c00000, 0x0000000088d00000|  0%| F|  |TAMS 0x0000000088c00000, 0x0000000088c00000| Untracked 
|  91|0x0000000088d00000, 0x0000000088d00000, 0x0000000088e00000|  0%| F|  |TAMS 0x0000000088d00000, 0x0000000088d00000| Untracked 
|  92|0x0000000088e00000, 0x0000000088e00000, 0x0000000088f00000|  0%| F|  |TAMS 0x0000000088e00000, 0x0000000088e00000| Untracked 
|  93|0x0000000088f00000, 0x0000000088f00000, 0x0000000089000000|  0%| F|  |TAMS 0x0000000088f00000, 0x0000000088f00000| Untracked 
|  94|0x0000000089000000, 0x0000000089000000, 0x0000000089100000|  0%| F|  |TAMS 0x0000000089000000, 0x0000000089000000| Untracked 
|  95|0x0000000089100000, 0x0000000089100000, 0x0000000089200000|  0%| F|  |TAMS 0x0000000089100000, 0x0000000089100000| Untracked 
|  96|0x0000000089200000, 0x0000000089200000, 0x0000000089300000|  0%| F|  |TAMS 0x0000000089200000, 0x0000000089200000| Untracked 
|  97|0x0000000089300000, 0x0000000089300000, 0x0000000089400000|  0%| F|  |TAMS 0x0000000089300000, 0x0000000089300000| Untracked 
|  98|0x0000000089400000, 0x0000000089400000, 0x0000000089500000|  0%| F|  |TAMS 0x0000000089400000, 0x0000000089400000| Untracked 
|  99|0x0000000089500000, 0x0000000089500000, 0x0000000089600000|  0%| F|  |TAMS 0x0000000089500000, 0x0000000089500000| Untracked 
| 100|0x0000000089600000, 0x0000000089600000, 0x0000000089700000|  0%| F|  |TAMS 0x0000000089600000, 0x0000000089600000| Untracked 
| 101|0x0000000089700000, 0x0000000089700000, 0x0000000089800000|  0%| F|  |TAMS 0x0000000089700000, 0x0000000089700000| Untracked 
| 102|0x0000000089800000, 0x0000000089800000, 0x0000000089900000|  0%| F|  |TAMS 0x0000000089800000, 0x0000000089800000| Untracked 
| 103|0x0000000089900000, 0x0000000089900000, 0x0000000089a00000|  0%| F|  |TAMS 0x0000000089900000, 0x0000000089900000| Untracked 
| 104|0x0000000089a00000, 0x0000000089a00000, 0x0000000089b00000|  0%| F|  |TAMS 0x0000000089a00000, 0x0000000089a00000| Untracked 
| 105|0x0000000089b00000, 0x0000000089b00000, 0x0000000089c00000|  0%| F|  |TAMS 0x0000000089b00000, 0x0000000089b00000| Untracked 
| 106|0x0000000089c00000, 0x0000000089c00000, 0x0000000089d00000|  0%| F|  |TAMS 0x0000000089c00000, 0x0000000089c00000| Untracked 
| 107|0x0000000089d00000, 0x0000000089d00000, 0x0000000089e00000|  0%| F|  |TAMS 0x0000000089d00000, 0x0000000089d00000| Untracked 
| 108|0x0000000089e00000, 0x0000000089e00000, 0x0000000089f00000|  0%| F|  |TAMS 0x0000000089e00000, 0x0000000089e00000| Untracked 
| 109|0x0000000089f00000, 0x0000000089f00000, 0x000000008a000000|  0%| F|  |TAMS 0x0000000089f00000, 0x0000000089f00000| Untracked 
| 110|0x000000008a000000, 0x000000008a000000, 0x000000008a100000|  0%| F|  |TAMS 0x000000008a000000, 0x000000008a000000| Untracked 
| 111|0x000000008a100000, 0x000000008a100000, 0x000000008a200000|  0%| F|  |TAMS 0x000000008a100000, 0x000000008a100000| Untracked 
| 112|0x000000008a200000, 0x000000008a200000, 0x000000008a300000|  0%| F|  |TAMS 0x000000008a200000, 0x000000008a200000| Untracked 
| 113|0x000000008a300000, 0x000000008a394700, 0x000000008a400000| 57%| E|  |TAMS 0x000000008a300000, 0x000000008a300000| Complete 
| 114|0x000000008a400000, 0x000000008a500000, 0x000000008a500000|100%| E|CS|TAMS 0x000000008a400000, 0x000000008a400000| Complete 
| 115|0x000000008a500000, 0x000000008a600000, 0x000000008a600000|100%| E|CS|TAMS 0x000000008a500000, 0x000000008a500000| Complete 
| 116|0x000000008a600000, 0x000000008a700000, 0x000000008a700000|100%| E|CS|TAMS 0x000000008a600000, 0x000000008a600000| Complete 
| 117|0x000000008a700000, 0x000000008a800000, 0x000000008a800000|100%| E|CS|TAMS 0x000000008a700000, 0x000000008a700000| Complete 
| 118|0x000000008a800000, 0x000000008a900000, 0x000000008a900000|100%| E|CS|TAMS 0x000000008a800000, 0x000000008a800000| Complete 
| 119|0x000000008a900000, 0x000000008aa00000, 0x000000008aa00000|100%| E|CS|TAMS 0x000000008a900000, 0x000000008a900000| Complete 
| 120|0x000000008aa00000, 0x000000008ab00000, 0x000000008ab00000|100%| E|CS|TAMS 0x000000008aa00000, 0x000000008aa00000| Complete 
| 121|0x000000008ab00000, 0x000000008ac00000, 0x000000008ac00000|100%| E|CS|TAMS 0x000000008ab00000, 0x000000008ab00000| Complete 
| 122|0x000000008ac00000, 0x000000008ad00000, 0x000000008ad00000|100%| E|CS|TAMS 0x000000008ac00000, 0x000000008ac00000| Complete 
| 123|0x000000008ad00000, 0x000000008ae00000, 0x000000008ae00000|100%| E|CS|TAMS 0x000000008ad00000, 0x000000008ad00000| Complete 
| 124|0x000000008ae00000, 0x000000008af00000, 0x000000008af00000|100%| E|CS|TAMS 0x000000008ae00000, 0x000000008ae00000| Complete 
| 125|0x000000008af00000, 0x000000008b000000, 0x000000008b000000|100%| E|CS|TAMS 0x000000008af00000, 0x000000008af00000| Complete 

Card table byte_map: [0x00000182704e0000,0x00000182708d0000] _byte_map_base: 0x00000182700c7000

Marking Bits (Prev, Next): (CMBitMap*) 0x0000018258ed6050, (CMBitMap*) 0x0000018258ed6090
 Prev Bits: [0x0000018270cc0000, 0x0000018272bf8000)
 Next Bits: [0x0000018272c00000, 0x0000018274b38000)

Polling page: 0x0000018256d30000

Metaspace:

Usage:
  Non-class:      4.40 MB used.
      Class:    533.47 KB used.
       Both:      4.92 MB used.

Virtual space:
  Non-class space:       64.00 MB reserved,       4.50 MB (  7%) committed,  1 nodes.
      Class space:        1.00 GB reserved,     704.00 KB ( <1%) committed,  1 nodes.
             Both:        1.06 GB reserved,       5.19 MB ( <1%) committed. 

Chunk freelists:
   Non-Class:  2.80 MB
       Class:  3.18 MB
        Both:  5.98 MB

MaxMetaspaceSize: unlimited
CompressedClassSpaceSize: 1.00 GB
Initial GC threshold: 21.00 MB
Current GC threshold: 21.00 MB
CDS: on
MetaspaceReclaimPolicy: balanced
 - commit_granule_bytes: 65536.
 - commit_granule_words: 8192.
 - virtual_space_node_default_size: 8388608.
 - enlarge_chunks_in_place: 1.
 - new_chunks_are_fully_committed: 0.
 - uncommit_free_chunks: 1.
 - use_allocation_guard: 0.


Internal statistics:

num_allocs_failed_limit: 0.
num_arena_births: 166.
num_arena_deaths: 0.
num_vsnodes_births: 2.
num_vsnodes_deaths: 0.
num_space_committed: 84.
num_space_uncommitted: 0.
num_chunks_returned_to_freelist: 0.
num_chunks_taken_from_freelist: 247.
num_chunk_merges: 0.
num_chunk_splits: 162.
num_chunks_enlarged: 106.
num_inconsistent_stats: 0.

CodeHeap 'non-profiled nmethods': size=120000Kb used=339Kb max_used=339Kb free=119660Kb
 bounds [0x0000018268890000, 0x0000018268b00000, 0x000001826fdc0000]
CodeHeap 'profiled nmethods': size=120000Kb used=1488Kb max_used=1488Kb free=118511Kb
 bounds [0x0000018260dc0000, 0x0000018261030000, 0x00000182682f0000]
CodeHeap 'non-nmethods': size=5760Kb used=1262Kb max_used=1268Kb free=4497Kb
 bounds [0x00000182682f0000, 0x0000018268560000, 0x0000018268890000]
 total_blobs=1399 nmethods=942 adapters=368
 compilation: enabled
              stopped_count=0, restarted_count=0
 full_count=0

Compilation events (20 events):
Event: 0.910 Thread 0x0000018277597860  904       4       java.lang.AbstractStringBuilder::append (45 bytes)
Event: 0.911 Thread 0x000001827759ff90  905       3       java.util.concurrent.atomic.AtomicLong::compareAndSet (13 bytes)
Event: 0.911 Thread 0x000001827babe090  908 %     4       sun.security.provider.SHA::implCompress0 @ 27 (506 bytes)
Event: 0.911 Thread 0x000001827759ff90 nmethod 905 0x0000018260f30c90 code [0x0000018260f30e20, 0x0000018260f30f58]
Event: 0.911 Thread 0x000001827759ff90  906       3       java.util.Random::nextBoolean (14 bytes)
Event: 0.911 Thread 0x000001827759ff90 nmethod 906 0x0000018260f31010 code [0x0000018260f311c0, 0x0000018260f313e8]
Event: 0.911 Thread 0x000001827759ff90  907       3       java.util.Random::next (47 bytes)
Event: 0.911 Thread 0x000001827759ff90 nmethod 907 0x0000018260f31490 code [0x0000018260f31640, 0x0000018260f318c8]
Event: 0.913 Thread 0x000001827759ff90  912       3       jdk.internal.org.objectweb.asm.Type::<init> (26 bytes)
Event: 0.913 Thread 0x000001827759ff90 nmethod 912 0x0000018260f31a10 code [0x0000018260f31bc0, 0x0000018260f31d78]
Event: 0.914 Thread 0x000001827759ff90  913       3       jdk.internal.org.objectweb.asm.Frame::setLocal (65 bytes)
Event: 0.914 Thread 0x000001827759ff90 nmethod 913 0x0000018260f31e10 code [0x0000018260f31fe0, 0x0000018260f32508]
Event: 0.914 Thread 0x000001827759ff90  914       3       jdk.internal.org.objectweb.asm.SymbolTable$Entry::<init> (18 bytes)
Event: 0.914 Thread 0x000001827759ff90 nmethod 914 0x0000018260f32690 code [0x0000018260f32840, 0x0000018260f329c8]
Event: 0.914 Thread 0x000001827759ff90  915       3       java.lang.invoke.DirectMethodHandle::maybeCompile (24 bytes)
Event: 0.914 Thread 0x000001827759ff90 nmethod 915 0x0000018260f32a90 code [0x0000018260f32c60, 0x0000018260f32e78]
Event: 0.915 Thread 0x0000018277597860 nmethod 904 0x00000182688de910 code [0x00000182688deac0, 0x00000182688df0c8]
Event: 0.915 Thread 0x0000018277597860  909       4       java.lang.String::substring (58 bytes)
Event: 0.920 Thread 0x000001827759ff90  916       3       java.lang.String::contains (19 bytes)
Event: 0.920 Thread 0x000001827759ff90 nmethod 916 0x0000018260f32f90 code [0x0000018260f33140, 0x0000018260f333b8]

GC Heap History (0 events):
No events

Dll operation events (10 events):
Event: 0.023 Loaded shared library C:\Program Files\Java\jdk-19\bin\java.dll
Event: 0.036 Loaded shared library C:\Program Files\Java\jdk-19\bin\jsvml.dll
Event: 0.184 Loaded shared library C:\Program Files\Java\jdk-19\bin\zip.dll
Event: 0.192 Loaded shared library C:\Program Files\Java\jdk-19\bin\instrument.dll
Event: 0.202 Loaded shared library C:\Program Files\Java\jdk-19\bin\net.dll
Event: 0.208 Loaded shared library C:\Program Files\Java\jdk-19\bin\nio.dll
Event: 0.213 Loaded shared library C:\Program Files\Java\jdk-19\bin\zip.dll
Event: 0.228 Loaded shared library C:\Program Files\JetBrains\IntelliJ IDEA Community Edition 2022.2.3\bin\breakgen64.dll
Event: 0.241 Loaded shared library C:\Program Files\Java\jdk-19\bin\extnet.dll
Event: 0.498 Loaded shared library C:\Program Files\Java\jdk-19\bin\jimage.dll

Deoptimization events (20 events):
Event: 0.389 Thread 0x0000018258e76140 DEOPT PACKING pc=0x00000182688a4250 sp=0x00000015804fc7b0
Event: 0.389 Thread 0x0000018258e76140 DEOPT UNPACKING pc=0x000001826835a5a3 sp=0x00000015804fc768 mode 2
Event: 0.518 Thread 0x0000018258e76140 Uncommon trap: trap_request=0xffffff45 fr.pc=0x00000182688ab204 relative=0x0000000000000064
Event: 0.518 Thread 0x0000018258e76140 Uncommon trap: reason=unstable_if action=reinterpret pc=0x00000182688ab204 method=java.io.WinNTFileSystem.isSlash(C)Z @ 9 c2
Event: 0.518 Thread 0x0000018258e76140 DEOPT PACKING pc=0x00000182688ab204 sp=0x00000015804fe070
Event: 0.518 Thread 0x0000018258e76140 DEOPT UNPACKING pc=0x000001826835a5a3 sp=0x00000015804fdff8 mode 2
Event: 0.587 Thread 0x0000018258e76140 DEOPT PACKING pc=0x0000018260e2bd65 sp=0x00000015804fe720
Event: 0.587 Thread 0x0000018258e76140 DEOPT UNPACKING pc=0x000001826835b0e3 sp=0x00000015804fdb70 mode 0
Event: 0.596 Thread 0x0000018258e76140 DEOPT PACKING pc=0x0000018260e2bd65 sp=0x00000015804fe440
Event: 0.596 Thread 0x0000018258e76140 DEOPT UNPACKING pc=0x000001826835b0e3 sp=0x00000015804fd890 mode 0
Event: 0.603 Thread 0x0000018258e76140 DEOPT PACKING pc=0x0000018260e2bd65 sp=0x00000015804fdc70
Event: 0.603 Thread 0x0000018258e76140 DEOPT UNPACKING pc=0x000001826835b0e3 sp=0x00000015804fd0c0 mode 0
Event: 0.618 Thread 0x0000018258e76140 Uncommon trap: trap_request=0xffffff45 fr.pc=0x000001826889eb68 relative=0x0000000000000848
Event: 0.618 Thread 0x0000018258e76140 Uncommon trap: reason=unstable_if action=reinterpret pc=0x000001826889eb68 method=java.util.HashMap.putVal(ILjava/lang/Object;Ljava/lang/Object;ZZ)Ljava/lang/Object; @ 69 c2
Event: 0.618 Thread 0x0000018258e76140 DEOPT PACKING pc=0x000001826889eb68 sp=0x00000015804fdfd0
Event: 0.618 Thread 0x0000018258e76140 DEOPT UNPACKING pc=0x000001826835a5a3 sp=0x00000015804fdf80 mode 2
Event: 0.747 Thread 0x0000018258e76140 Uncommon trap: trap_request=0xffffff45 fr.pc=0x00000182688b806c relative=0x000000000000024c
Event: 0.747 Thread 0x0000018258e76140 Uncommon trap: reason=unstable_if action=reinterpret pc=0x00000182688b806c method=java.lang.String.startsWith(Ljava/lang/String;I)Z @ 1 c2
Event: 0.747 Thread 0x0000018258e76140 DEOPT PACKING pc=0x00000182688b806c sp=0x00000015804fcdc0
Event: 0.747 Thread 0x0000018258e76140 DEOPT UNPACKING pc=0x000001826835a5a3 sp=0x00000015804fcd28 mode 2

Classes loaded (20 events):
Event: 0.838 Loading class java/nio/file/Files$AcceptAllFilter
Event: 0.838 Loading class java/nio/file/DirectoryStream$Filter
Event: 0.838 Loading class java/nio/file/DirectoryStream$Filter done
Event: 0.838 Loading class java/nio/file/Files$AcceptAllFilter done
Event: 0.838 Loading class sun/nio/fs/WindowsDirectoryStream
Event: 0.838 Loading class java/nio/file/DirectoryStream
Event: 0.838 Loading class java/nio/file/DirectoryStream done
Event: 0.838 Loading class sun/nio/fs/WindowsDirectoryStream done
Event: 0.839 Loading class sun/nio/fs/WindowsDirectoryStream$WindowsDirectoryIterator
Event: 0.839 Loading class sun/nio/fs/WindowsDirectoryStream$WindowsDirectoryIterator done
Event: 0.840 Loading class sun/nio/fs/WindowsPath$WindowsPathWithAttributes
Event: 0.840 Loading class sun/nio/fs/BasicFileAttributesHolder
Event: 0.840 Loading class sun/nio/fs/BasicFileAttributesHolder done
Event: 0.840 Loading class sun/nio/fs/WindowsPath$WindowsPathWithAttributes done
Event: 0.915 Loading class sun/security/provider/AbstractDrbg$NonceProvider
Event: 0.916 Loading class sun/security/provider/AbstractDrbg$NonceProvider done
Event: 0.916 Loading class sun/security/provider/SHA2$SHA256
Event: 0.916 Loading class sun/security/provider/SHA2
Event: 0.916 Loading class sun/security/provider/SHA2 done
Event: 0.916 Loading class sun/security/provider/SHA2$SHA256 done

Classes unloaded (0 events):
No events

Classes redefined (0 events):
No events

Internal exceptions (15 events):
Event: 0.214 Thread 0x0000018258e76140 Exception <a 'java/lang/NoSuchMethodError'{0x000000008ad68820}: 'void java.lang.invoke.DirectMethodHandle$Holder.invokeStatic(java.lang.Object, java.lang.Object, java.lang.Object)'> (0x000000008ad68820) 
thrown [s\open\src\hotspot\share\interpreter\linkResolver.cpp, line 774]
Event: 0.220 Thread 0x0000018258e76140 Exception <a 'java/lang/NoSuchMethodError'{0x000000008ad81088}: 'java.lang.Object java.lang.invoke.Invokers$Holder.invokeExact_MT(java.lang.Object, java.lang.Object, java.lang.Object, java.lang.Object, java.lang.Object)'> (0x000000008ad81088) 
thrown [s\open\src\hotspot\share\interpreter\linkResolver.cpp, line 774]
Event: 0.243 Thread 0x0000018258e76140 Exception <a 'java/lang/NoSuchMethodError'{0x000000008ad93488}: 'void java.lang.invoke.DirectMethodHandle$Holder.invokeStatic(java.lang.Object, java.lang.Object)'> (0x000000008ad93488) 
thrown [s\open\src\hotspot\share\interpreter\linkResolver.cpp, line 774]
Event: 0.244 Thread 0x000001827b9a8210 Exception <a 'java/lang/NoSuchMethodError'{0x000000008adf3408}: 'void java.lang.invoke.DirectMethodHandle$Holder.invokeStatic(java.lang.Object, java.lang.Object)'> (0x000000008adf3408) 
thrown [s\open\src\hotspot\share\interpreter\linkResolver.cpp, line 774]
Event: 0.545 Thread 0x0000018258e76140 Exception <a 'java/lang/NoSuchMethodError'{0x000000008a952140}: 'java.lang.Object java.lang.invoke.DirectMethodHandle$Holder.invokeVirtual(java.lang.Object, java.lang.Object, java.lang.Object)'> (0x000000008a952140) 
thrown [s\open\src\hotspot\share\interpreter\linkResolver.cpp, line 774]
Event: 0.569 Thread 0x0000018258e76140 Exception <a 'java/lang/NoSuchMethodError'{0x000000008a9c6a90}: 'int java.lang.invoke.DirectMethodHandle$Holder.invokeStaticInit(java.lang.Object, java.lang.Object)'> (0x000000008a9c6a90) 
thrown [s\open\src\hotspot\share\interpreter\linkResolver.cpp, line 774]
Event: 0.647 Thread 0x0000018258e76140 Exception <a 'java/lang/NoSuchMethodError'{0x000000008a7556f8}: 'int java.lang.invoke.DirectMethodHandle$Holder.invokeSpecial(java.lang.Object, java.lang.Object, java.lang.Object)'> (0x000000008a7556f8) 
thrown [s\open\src\hotspot\share\interpreter\linkResolver.cpp, line 774]
Event: 0.649 Thread 0x0000018258e76140 Exception <a 'java/lang/NoSuchMethodError'{0x000000008a760458}: 'void java.lang.invoke.DelegatingMethodHandle$Holder.reinvoke_L(java.lang.Object, java.lang.Object, int)'> (0x000000008a760458) 
thrown [s\open\src\hotspot\share\interpreter\linkResolver.cpp, line 774]
Event: 0.650 Thread 0x0000018258e76140 Exception <a 'java/lang/NoSuchMethodError'{0x000000008a767240}: 'int java.lang.invoke.Invokers$Holder.invokeExact_MT(java.lang.Object, java.lang.Object, java.lang.Object)'> (0x000000008a767240) 
thrown [s\open\src\hotspot\share\interpreter\linkResolver.cpp, line 774]
Event: 0.659 Thread 0x0000018258e76140 Exception <a 'java/lang/NoSuchMethodError'{0x000000008a78cb20}: 'void java.lang.invoke.Invokers$Holder.invokeExact_MT(java.lang.Object, java.lang.Object, java.lang.Object, java.lang.Object)'> (0x000000008a78cb20) 
thrown [s\open\src\hotspot\share\interpreter\linkResolver.cpp, line 774]
Event: 0.662 Thread 0x0000018258e76140 Exception <a 'java/lang/NoSuchMethodError'{0x000000008a792868}: 'void java.lang.invoke.DirectMethodHandle$Holder.invokeSpecial(java.lang.Object, java.lang.Object, java.lang.Object)'> (0x000000008a792868) 
thrown [s\open\src\hotspot\share\interpreter\linkResolver.cpp, line 774]
Event: 0.663 Thread 0x0000018258e76140 Exception <a 'java/lang/NoSuchMethodError'{0x000000008a798a20}: 'void java.lang.invoke.DirectMethodHandle$Holder.invokeVirtual(java.lang.Object, java.lang.Object, int)'> (0x000000008a798a20) 
thrown [s\open\src\hotspot\share\interpreter\linkResolver.cpp, line 774]
Event: 0.711 Thread 0x0000018258e76140 Exception <a 'java/lang/ClassNotFoundException'{0x000000008a654788}: com/sun/org/apache/xerces/internal/impl/msg/spi/SAXMessagesProvider> (0x000000008a654788) 
thrown [s\open\src\hotspot\share\classfile\systemDictionary.cpp, line 255]
Event: 0.756 Thread 0x0000018258e76140 Exception <a 'java/lang/NoSuchMethodError'{0x000000008a521240}: 'java.lang.Object java.lang.invoke.DirectMethodHandle$Holder.invokeStaticInit(java.lang.Object, int, int, int, int)'> (0x000000008a521240) 
thrown [s\open\src\hotspot\share\interpreter\linkResolver.cpp, line 774]
Event: 0.914 Thread 0x0000018258e76140 Exception <a 'java/lang/NoSuchMethodError'{0x000000008a5eca38}: 'java.lang.Object java.lang.invoke.DirectMethodHandle$Holder.invokeStaticInit(java.lang.Object, java.lang.Object, int, int, int, int)'> (0x000000008a5eca38) 
thrown [s\open\src\hotspot\share\interpreter\linkResolver.cpp, line 774]

VM Operations (14 events):
Event: 0.166 Executing VM operation: HandshakeAllThreads
Event: 0.166 Executing VM operation: HandshakeAllThreads done
Event: 0.233 Executing VM operation: HandshakeAllThreads
Event: 0.233 Executing VM operation: HandshakeAllThreads done
Event: 0.518 Executing VM operation: HandshakeAllThreads
Event: 0.518 Executing VM operation: HandshakeAllThreads done
Event: 0.541 Executing VM operation: HandshakeAllThreads
Event: 0.541 Executing VM operation: HandshakeAllThreads done
Event: 0.717 Executing VM operation: HandshakeAllThreads
Event: 0.717 Executing VM operation: HandshakeAllThreads done
Event: 0.736 Executing VM operation: HandshakeAllThreads
Event: 0.736 Executing VM operation: HandshakeAllThreads done
Event: 0.745 Executing VM operation: HandshakeAllThreads
Event: 0.745 Executing VM operation: HandshakeAllThreads done

Events (14 events):
Event: 0.037 Thread 0x0000018258e76140 Thread added: 0x0000018258e76140
Event: 0.057 Thread 0x000001827757c7e0 Thread added: 0x000001827757c7e0
Event: 0.057 Thread 0x000001827757d770 Thread added: 0x000001827757d770
Event: 0.057 Thread 0x0000018277580a70 Thread added: 0x0000018277580a70
Event: 0.058 Thread 0x00000182775825b0 Thread added: 0x00000182775825b0
Event: 0.058 Thread 0x0000018277585290 Thread added: 0x0000018277585290
Event: 0.058 Thread 0x000001827758cac0 Thread added: 0x000001827758cac0
Event: 0.058 Thread 0x0000018277597860 Thread added: 0x0000018277597860
Event: 0.058 Thread 0x000001827759ff90 Thread added: 0x000001827759ff90
Event: 0.058 Thread 0x00000182775aeac0 Thread added: 0x00000182775aeac0
Event: 0.155 Thread 0x0000018277553160 Thread added: 0x0000018277553160
Event: 0.229 Thread 0x000001827b9a8210 Thread added: 0x000001827b9a8210
Event: 0.229 Thread 0x000001827b9ed110 Thread added: 0x000001827b9ed110
Event: 0.378 Thread 0x000001827babe090 Thread added: 0x000001827babe090


Dynamic libraries:
0x00007ff730bd0000 - 0x00007ff730be0000 	C:\Program Files\Java\jdk-19\bin\java.exe
0x00007ff94aef0000 - 0x00007ff94b107000 	C:\WINDOWS\SYSTEM32\ntdll.dll
0x00007ff949830000 - 0x00007ff9498f4000 	C:\WINDOWS\System32\KERNEL32.DLL
0x00007ff948410000 - 0x00007ff9487b6000 	C:\WINDOWS\System32\KERNELBASE.dll
0x00007ff948230000 - 0x00007ff948341000 	C:\WINDOWS\System32\ucrtbase.dll
0x00007ff916a70000 - 0x00007ff916a88000 	C:\Program Files\Java\jdk-19\bin\jli.dll
0x00007ff923080000 - 0x00007ff92309b000 	C:\Program Files\Java\jdk-19\bin\VCRUNTIME140.dll
0x00007ff949760000 - 0x00007ff949813000 	C:\WINDOWS\System32\ADVAPI32.dll
0x00007ff94ada0000 - 0x00007ff94ae47000 	C:\WINDOWS\System32\msvcrt.dll
0x00007ff949570000 - 0x00007ff949618000 	C:\WINDOWS\System32\sechost.dll
0x00007ff9487c0000 - 0x00007ff9487e8000 	C:\WINDOWS\System32\bcrypt.dll
0x00007ff949e70000 - 0x00007ff949f87000 	C:\WINDOWS\System32\RPCRT4.dll
0x00007ff948c40000 - 0x00007ff948dee000 	C:\WINDOWS\System32\USER32.dll
0x00007ff92b4f0000 - 0x00007ff92b783000 	C:\WINDOWS\WinSxS\amd64_microsoft.windows.common-controls_6595b64144ccf1df_6.0.22621.2506_none_270c5ae97388e100\COMCTL32.dll
0x00007ff9487f0000 - 0x00007ff948816000 	C:\WINDOWS\System32\win32u.dll
0x00007ff949900000 - 0x00007ff949929000 	C:\WINDOWS\System32\GDI32.dll
0x00007ff948990000 - 0x00007ff948aa8000 	C:\WINDOWS\System32\gdi32full.dll
0x00007ff948ab0000 - 0x00007ff948b4a000 	C:\WINDOWS\System32\msvcp_win.dll
0x00007ff940a60000 - 0x00007ff940a6a000 	C:\WINDOWS\SYSTEM32\VERSION.dll
0x00007ff949ae0000 - 0x00007ff949b11000 	C:\WINDOWS\System32\IMM32.DLL
0x0000018256d50000 - 0x0000018256d64000 	C:\WINDOWS\System32\umppc17807.dll
0x00007ff9322f0000 - 0x00007ff9322fc000 	C:\Program Files\Java\jdk-19\bin\vcruntime140_1.dll
0x00007ff90c710000 - 0x00007ff90c79e000 	C:\Program Files\Java\jdk-19\bin\msvcp140.dll
0x00007ff8efd40000 - 0x00007ff8f0a00000 	C:\Program Files\Java\jdk-19\bin\server\jvm.dll
0x00007ff942f50000 - 0x00007ff942f59000 	C:\WINDOWS\SYSTEM32\WSOCK32.dll
0x00007ff94ad20000 - 0x00007ff94ad91000 	C:\WINDOWS\System32\WS2_32.dll
0x00007ff93d130000 - 0x00007ff93d164000 	C:\WINDOWS\SYSTEM32\WINMM.dll
0x00007ff947230000 - 0x00007ff947248000 	C:\WINDOWS\SYSTEM32\kernel.appcore.dll
0x00007ff930ab0000 - 0x00007ff930aba000 	C:\Program Files\Java\jdk-19\bin\jimage.dll
0x00007ff9459f0000 - 0x00007ff945c23000 	C:\WINDOWS\SYSTEM32\DBGHELP.DLL
0x00007ff949f90000 - 0x00007ff94a319000 	C:\WINDOWS\System32\combase.dll
0x00007ff9493a0000 - 0x00007ff949477000 	C:\WINDOWS\System32\OLEAUT32.dll
0x00007ff92adf0000 - 0x00007ff92ae22000 	C:\WINDOWS\SYSTEM32\dbgcore.DLL
0x00007ff948bc0000 - 0x00007ff948c3a000 	C:\WINDOWS\System32\bcryptPrimitives.dll
0x00007ff93d050000 - 0x00007ff93d05e000 	C:\Program Files\Java\jdk-19\bin\instrument.dll
0x00007ff914690000 - 0x00007ff9146b6000 	C:\Program Files\Java\jdk-19\bin\java.dll
0x00007ff90c220000 - 0x00007ff90c2f7000 	C:\Program Files\Java\jdk-19\bin\jsvml.dll
0x00007ff94a4c0000 - 0x00007ff94ad1b000 	C:\WINDOWS\System32\SHELL32.dll
0x00007ff946140000 - 0x00007ff946a36000 	C:\WINDOWS\SYSTEM32\windows.storage.dll
0x00007ff946000000 - 0x00007ff94613e000 	C:\WINDOWS\SYSTEM32\wintypes.dll
0x00007ff949280000 - 0x00007ff949373000 	C:\WINDOWS\System32\SHCORE.dll
0x00007ff94ae50000 - 0x00007ff94aeae000 	C:\WINDOWS\System32\shlwapi.dll
0x00007ff948160000 - 0x00007ff948186000 	C:\WINDOWS\SYSTEM32\profapi.dll
0x00007ff913950000 - 0x00007ff913968000 	C:\Program Files\Java\jdk-19\bin\zip.dll
0x00007ff9143f0000 - 0x00007ff914403000 	C:\Program Files\Java\jdk-19\bin\net.dll
0x00007ff940b50000 - 0x00007ff940c87000 	C:\WINDOWS\SYSTEM32\WINHTTP.dll
0x00007ff9476a0000 - 0x00007ff947709000 	C:\WINDOWS\system32\mswsock.dll
0x00007ff913e50000 - 0x00007ff913e66000 	C:\Program Files\Java\jdk-19\bin\nio.dll
0x00007ff93cff0000 - 0x00007ff93d00a000 	C:\Program Files\JetBrains\IntelliJ IDEA Community Edition 2022.2.3\bin\breakgen64.dll
0x00007ff930940000 - 0x00007ff930948000 	C:\Program Files\Java\jdk-19\bin\extnet.dll
0x00007ff9479f0000 - 0x00007ff947a0b000 	C:\WINDOWS\SYSTEM32\CRYPTSP.dll
0x00007ff947190000 - 0x00007ff9471c5000 	C:\WINDOWS\system32\rsaenh.dll
0x00007ff947740000 - 0x00007ff94776c000 	C:\WINDOWS\SYSTEM32\USERENV.dll
0x00007ff9479d0000 - 0x00007ff9479dc000 	C:\WINDOWS\SYSTEM32\CRYPTBASE.dll
0x00007ff946ca0000 - 0x00007ff946ccd000 	C:\WINDOWS\SYSTEM32\IPHLPAPI.DLL
0x00007ff949b20000 - 0x00007ff949b29000 	C:\WINDOWS\System32\NSI.dll
0x00007ff940a40000 - 0x00007ff940a59000 	C:\WINDOWS\SYSTEM32\dhcpcsvc6.DLL
0x00007ff940a70000 - 0x00007ff940a8f000 	C:\WINDOWS\SYSTEM32\dhcpcsvc.DLL
0x00007ff946cd0000 - 0x00007ff946dc9000 	C:\WINDOWS\SYSTEM32\DNSAPI.dll

dbghelp: loaded successfully - version: 4.0.5 - missing functions: none
symbol engine: initialized successfully - sym options: 0x614 - pdb path: .;C:\Program Files\Java\jdk-19\bin;C:\WINDOWS\SYSTEM32;C:\WINDOWS\WinSxS\amd64_microsoft.windows.common-controls_6595b64144ccf1df_6.0.22621.2506_none_270c5ae97388e100;C:\Program Files\Java\jdk-19\bin\server;C:\Program Files\JetBrains\IntelliJ IDEA Community Edition 2022.2.3\bin

VM Arguments:
jvm_args: -ea -Didea.test.cyclic.buffer.size=1048576 -javaagent:C:\Program Files\JetBrains\IntelliJ IDEA Community Edition 2022.2.3\lib\idea_rt.jar=57001:C:\Program Files\JetBrains\IntelliJ IDEA Community Edition 2022.2.3\bin -Dfile.encoding=UTF-8 -Dsun.stdout.encoding=UTF-8 -Dsun.stderr.encoding=UTF-8 
java_command: com.intellij.rt.testng.RemoteTestNGStarter -usedefaultlisteners false -socket57000 @w@C:\Users\anton\AppData\Local\Temp\idea_working_dirs_testng.tmp -temp C:\Users\anton\AppData\Local\Temp\idea_testng1.tmp
java_class_path (initial): C:\Program Files\JetBrains\IntelliJ IDEA Community Edition 2022.2.3\lib\idea_rt.jar;C:\Program Files\JetBrains\IntelliJ IDEA Community Edition 2022.2.3\plugins\testng\lib\testng-rt.jar;C:\Anton Ahmad\Belajar\Java\Udemy\Portofolio-LoginPage\target\test-classes;C:\Anton Ahmad\Belajar\Java\Udemy\Portofolio-LoginPage\target\classes;C:\Users\anton\.m2\repository\org\seleniumhq\selenium\selenium-java\4.18.1\selenium-java-4.18.1.jar;C:\Users\anton\.m2\repository\org\seleniumhq\selenium\selenium-api\4.18.1\selenium-api-4.18.1.jar;C:\Users\anton\.m2\repository\org\seleniumhq\selenium\selenium-chrome-driver\4.18.1\selenium-chrome-driver-4.18.1.jar;C:\Users\anton\.m2\repository\com\google\auto\service\auto-service-annotations\1.1.1\auto-service-annotations-1.1.1.jar;C:\Users\anton\.m2\repository\org\seleniumhq\selenium\selenium-chromium-driver\4.18.1\selenium-chromium-driver-4.18.1.jar;C:\Users\anton\.m2\repository\org\seleniumhq\selenium\selenium-json\4.18.1\selenium-json-4.18.1.jar;C:\Users\anton\.m2\repository\org\seleniumhq\selenium\selenium-manager\4.18.1\selenium-manager-4.18.1.jar;C:\Users\anton\.m2\repository\org\seleniumhq\selenium\selenium-devtools-v120\4.18.1\selenium-devtools-v120-4.18.1.jar;C:\Users\anton\.m2\repository\org\seleniumhq\selenium\selenium-devtools-v121\4.18.1\selenium-devtools-v121-4.18.1.jar;C:\Users\anton\.m2\repository\org\seleniumhq\selenium\selenium-devtools-v122\4.18.1\selenium-devtools-v122-4.18.1.jar;C:\Users\anton\.m2\repository\org\seleniumhq\selenium\selenium-devtools-v85\4.18.1\selenium-devtools-v85-4.18.1.jar;C:\Users\anton\.m2\repository\org\seleniumhq\selenium\selenium-edge-driver\4.18.1\selenium-edge-driver-4.18.1.jar;C:\Users\anton\.m2\repository\org\seleniumhq\selenium\selenium-firefox-driver\4.18.1\selenium-firefox-driver-4.18.1.jar;C:\Users\anton\.m2\repository\org\seleniumhq\selenium\selenium-http\4.18.1\selenium-http-4.18.1.jar;C:\Users\anton\.m2\repository\dev\failsafe\failsafe\3.3.2\failsafe-3.3.2.jar;C:\Users\anton\.m2\repository\org\seleniumhq\selenium\selenium-ie-driver\4.18.1\selenium-ie-driver-4.18.1.jar;C:\Users\anton\.m2\repository\org\seleniumhq\selenium\selenium-remote-driver\4.18.1\selenium-remote-driver-4.18.1.jar;C:\Users\anton\.m2\repository\com\google\guava\guava\33.0.0-jre\guava-33.0.0-jre.jar;C:\Users\anton\.m2\repository\com\google\guava\failureaccess\1.0.2\failureaccess-1.0.2.jar;C:\Users\anton\.m2\repository\com\google\guava\listenablefuture\9999.0-empty-to-avoid-conflict-with-guava\listenablefuture-9999.0-empty-to-avoid-conflict-with-guava.jar;C:\Users\anton\.m2\repository\com\google\code\findbugs\jsr305\3.0.2\jsr305-3.0.2.jar;C:\Users\anton\.m2\repository\org\checkerframework\checker-qual\3.41.0\checker-qual-3.41.0.jar;C:\Users\anton\.m2\repository\com\google\errorprone\error_prone_annotations\2.23.0\error_prone_annotations-2.23.0.jar;C:\Users\anton\.m2\repository\com\google\j2objc\j2objc-annotations\2.8\j2objc-annotations-2.8.jar;C:\Users\anton\.m2\repository\io\opentelemetry\semconv\opentelemetry-semconv\1.23.1-alpha\opentelemetry-semconv-1.23.1-alpha.jar;C:\Users\anton\.m2\repository\io\opentelemetry\opentelemetry-api\1.35.0\opentelemetry-api-1.35.0.jar;C:\Users\anton\.m2\repository\io\opentelemetry\opentelemetry-context\1.35.0\opentelemetry-context-1.35.0.jar;C:\Users\anton\.m2\repository\io\opentelemetry\opentelemetry-exporter-logging\1.35.0\opentelemetry-exporter-logging-1.35.0.jar;C:\Users\anton\.m2\repository\io\opentelemetry\opentelemetry-sdk-common\1.35.0\opentelemetry-sdk-common-1.35.0.jar;C:\Users\anton\.m2\repository\io\opentelemetry\opentelemetry-sdk-extension-autoconfigure-spi\1.35.0\opentelemetry-sdk-extension-autoconfigure-spi-1.35.0.jar;C:\Users\anton\.m2\repository\io\opentelemetry\opentelemetry-sdk-extension-autoconfigure\1.35.0\opentelemetry-sdk-extension-autoconfigure-1.35.0.jar;C:\Users\anton\.m2\repository\io\opentelemetry\opentelemetry-api-events\1.35.0-alpha\opentelemetry-api-events-1.35.0-alpha.jar;C:\Users\anton\.m2\repository\io\opentelemetry\opentelemetry-sdk-trace\1.35.0\opentelemetry-sdk-trace-1.35.0.jar;C:\Users\anton\.m2\repository\io\opentelemetry\opentelemetry-extension-incubator\1.35.0-alpha\opentelemetry-extension-incubator-1.35.0-alpha.jar;C:\Users\anton\.m2\repository\io\opentelemetry\opentelemetry-sdk\1.35.0\opentelemetry-sdk-1.35.0.jar;C:\Users\anton\.m2\repository\io\opentelemetry\opentelemetry-sdk-metrics\1.35.0\opentelemetry-sdk-metrics-1.35.0.jar;C:\Users\anton\.m2\repository\io\opentelemetry\opentelemetry-sdk-logs\1.35.0\opentelemetry-sdk-logs-1.35.0.jar;C:\Users\anton\.m2\repository\net\bytebuddy\byte-buddy\1.14.12\byte-buddy-1.14.12.jar;C:\Users\anton\.m2\repository\org\seleniumhq\selenium\selenium-os\4.18.1\selenium-os-4.18.1.jar;C:\Users\anton\.m2\repository\org\apache\commons\commons-exec\1.3\commons-exec-1.3.jar;C:\Users\anton\.m2\repository\org\seleniumhq\selenium\selenium-safari-driver\4.18.1\selenium-safari-driver-4.18.1.jar;C:\Users\anton\.m2\repository\org\seleniumhq\selenium\selenium-support\4.18.1\selenium-support-4.18.1.jar;C:\Users\anton\.m2\repository\io\cucumber\cucumber-java\7.15.0\cucumber-java-7.15.0.jar;C:\Users\anton\.m2\repository\io\cucumber\cucumber-core\7.15.0\cucumber-core-7.15.0.jar;C:\Users\anton\.m2\repository\io\cucumber\cucumber-gherkin\7.15.0\cucumber-gherkin-7.15.0.jar;C:\Users\anton\.m2\repository\io\cucumber\cucumber-gherkin-messages\7.15.0\cucumber-gherkin-messages-7.15.0.jar;C:\Users\anton\.m2\repository\io\cucumber\gherkin\26.2.0\gherkin-26.2.0.jar;C:\Users\anton\.m2\repository\io\cucumber\messages\22.0.0\messages-22.0.0.jar;C:\Users\anton\.m2\repository\io\cucumber\tag-expressions\6.0.0\tag-expressions-6.0.0.jar;C:\Users\anton\.m2\repository\io\cucumber\cucumber-expressions\17.0.1\cucumber-expressions-17.0.1.jar;C:\Users\anton\.m2\repository\io\cucumber\datatable\7.15.0\datatable-7.15.0.jar;C:\Users\anton\.m2\repository\io\cucumber\cucumber-plugin\7.15.0\cucumber-plugin-7.15.0.jar;C:\Users\anton\.m2\repository\io\cucumber\docstring\7.15.0\docstring-7.15.0.jar;C:\Users\anton\.m2\repository\io\cucumber\html-formatter\20.4.0\html-formatter-20.4.0.jar;C:\Users\anton\.m2\repository\io\cucumber\junit-xml-formatter\0.2.0\junit-xml-formatter-0.2.0.jar;C:\Users\anton\.m2\repository\io\cucumber\ci-environment\10.0.0\ci-environment-10.0.0.jar;C:\Users\anton\.m2\repository\org\apiguardian\apiguardian-api\1.1.2\apiguardian-api-1.1.2.jar;C:\Users\anton\.m2\repository\io\cucumber\cucumber-testng\7.15.0\cucumber-testng-7.15.0.jar;C:\Users\anton\.m2\repository\org\testng\testng\7.8.0\testng-7.8.0.jar;C:\Users\anton\.m2\repository\com\beust\jcommander\1.82\jcommander-1.82.jar;C:\Users\anton\.m2\repository\org\webjars\jquery\3.6.1\jquery-3.6.1.jar;C:\Users\anton\.m2\repository\org\slf4j\slf4j-api\2.0.12\slf4j-api-2.0.12.jar;C:\Users\anton\.m2\repository\org\apache\maven\plugins\maven-jar-plugin\3.3.0\maven-jar-plugin-3.3.0.jar;C:\Users\anton\.m2\repository\org\apache\maven\shared\file-management\3.1.0\file-management-3.1.0.jar;C:\Users\anton\.m2\repository\commons-io\commons-io\2.11.0\commons-io-2.11.0.jar;C:\Users\anton\.m2\repository\org\apache\maven\maven-archiver\3.6.0\maven-archiver-3.6.0.jar;C:\Users\anton\.m2\repository\org\codehaus\plexus\plexus-io\3.4.0\plexus-io-3.4.0.jar;C:\Users\anton\.m2\repository\javax\inject\javax.inject\1\javax.inject-1.jar;C:\Users\anton\.m2\repository\org\codehaus\plexus\plexus-archiver\4.4.0\plexus-archiver-4.4.0.jar;C:\Users\anton\.m2\repository\org\apache\commons\commons-compress\1.21\commons-compress-1.21.jar;C:\Users\anton\.m2\repository\org\iq80\snappy\snappy\0.4\snappy-0.4.jar;C:\Users\anton\.m2\repository\org\tukaani\xz\1.9\xz-1.9.jar;C:\Users\anton\.m2\repository\org\codehaus\plexus\plexus-interpolation\1.26\plexus-interpolation-1.26.jar;C:\Users\anton\.m2\repository\org\codehaus\plexus\plexus-utils\3.4.2\plexus-utils-3.4.2.jar;C:\Users\anton\.m2\repository\org\apache\commons\commons-lang3\3.13.0\commons-lang3-3.13.0.jar;C:\Users\anton\.m2\repository\io\cucumber\cucumber-picocontainer\7.15.0\cucumber-picocontainer-7.15.0.jar;C:\Users\anton\.m2\repository\org\picocontainer\picocontainer\2.15\picocontainer-2.15.jar;C:\Users\anton\.m2\repository\org\slf4j\slf4j-simple\2.0.12\slf4j-simple-2.0.12.jar
Launcher Type: SUN_STANDARD

[Global flags]
     intx CICompilerCount                          = 4                                         {product} {ergonomic}
     uint ConcGCThreads                            = 2                                         {product} {ergonomic}
     uint G1ConcRefinementThreads                  = 8                                         {product} {ergonomic}
   size_t G1HeapRegionSize                         = 1048576                                   {product} {ergonomic}
    uintx GCDrainStackTargetSize                   = 64                                        {product} {ergonomic}
   size_t InitialHeapSize                          = 132120576                                 {product} {ergonomic}
   size_t MarkStackSize                            = 4194304                                   {product} {ergonomic}
   size_t MaxHeapSize                              = 2095054848                                {product} {ergonomic}
   size_t MaxNewSize                               = 1256194048                                {product} {ergonomic}
   size_t MinHeapDeltaBytes                        = 1048576                                   {product} {ergonomic}
   size_t MinHeapSize                              = 8388608                                   {product} {ergonomic}
    uintx NonNMethodCodeHeapSize                   = 5839372                                {pd product} {ergonomic}
    uintx NonProfiledCodeHeapSize                  = 122909434                              {pd product} {ergonomic}
    uintx ProfiledCodeHeapSize                     = 122909434                              {pd product} {ergonomic}
    uintx ReservedCodeCacheSize                    = 251658240                              {pd product} {ergonomic}
     bool SegmentedCodeCache                       = true                                      {product} {ergonomic}
   size_t SoftMaxHeapSize                          = 2095054848                             {manageable} {ergonomic}
     bool UseCompressedClassPointers               = true                           {product lp64_product} {ergonomic}
     bool UseCompressedOops                        = true                           {product lp64_product} {ergonomic}
     bool UseG1GC                                  = true                                      {product} {ergonomic}
     bool UseLargePagesIndividualAllocation        = false                                  {pd product} {ergonomic}

Logging:
Log output configuration:
 #0: stdout all=warning uptime,level,tags foldmultilines=false
 #1: stderr all=off uptime,level,tags foldmultilines=false

Environment Variables:
JAVA_HOME=C:\Program Files\Java\jdk-17
PATH=C:\Program Files\Java\jdk-17\bin;C:\Program Files\Java\jdk-21\bin;C:\oracle\db\app\anton\product\12.1.0\dbhome_1\bin;C:\DevSuiteHome_1\jdk\jre\bin\classic;C:\DevSuiteHome_1\jdk\jre\bin;C:\DevSuiteHome_1\jdk\jre\bin\client;C:\DevSuiteHome_1\jlib;C:\DevSuiteHome_1\bin;C:\DevSuiteHome_1\jre\1.4.2\bin\client;C:\DevSuiteHome_1\jre\1.4.2\bin;C:\Program Files\Common Files\Oracle\Java\javapath;C:\Program Files\Eclipse Adoptium\jdk-17.0.5.8-hotspot\bin;C:\Program Files (x86)\Common Files\Oracle\Java\javapath;C:\WINDOWS\system32;C:\WINDOWS;C:\WINDOWS\System32\Wbem;C:\WINDOWS\System32\WindowsPowerShell\v1.0\;C:\WINDOWS\System32\OpenSSH\;C:\Program Files (x86)\Pulse Secure\VC142.CRT\X64\;C:\Program Files (x86)\Pulse Secure\VC142.CRT\X86\;C:\Program Files (x86)\Common Files\Pulse Secure\TNC Client Plugin\;C:\Program Files\Java\jdk-17\bin;C:\Program Files\Dev_Programs\apache-maven-3.9.4\bin;C:\Program Files\Java\jdk-21\bin;C:\Ruby32-x64\bin;C:\Users\anton\AppData\Local\Programs\Python\Python311\Scripts\;C:\Users\anton\AppData\Local\Programs\Python\Python311\;C:\Webdriver;C:\ToadClient\instantclient_11_2;C:\ToadClient\instantclient_21_7;C:\Users\anton\AppData\Local\Microsoft\WindowsApps;C:\Users\anton\AppData\Local\Programs\Microsoft VS Code\bin;C:\maven\apache-maven-3.8.6;C:\maven\apache-maven-3.8.6\apache-maven\src\bin;C:\Users\anton\IdeaProjects\Imback\driver;
USERNAME=anton
OS=Windows_NT
PROCESSOR_IDENTIFIER=Intel64 Family 6 Model 140 Stepping 1, GenuineIntel
TMP=C:\Users\anton\AppData\Local\Temp
TEMP=C:\Users\anton\AppData\Local\Temp



---------------  S Y S T E M  ---------------

OS:
 Windows 11 , 64 bit Build 22621 (10.0.22621.3085)
OS uptime: 0 days 5:26 hours
Hyper-V role detected

CPU: total 8 (initial active 8) (4 cores per cpu, 2 threads per core) family 6 model 140 stepping 1 microcode 0x8a, cx8, cmov, fxsr, ht, mmx, 3dnowpref, sse, sse2, sse3, ssse3, sse4.1, sse4.2, popcnt, lzcnt, tsc, tscinvbit, avx, avx2, aes, erms, clmul, bmi1, bmi2, adx, avx512f, avx512dq, avx512cd, avx512bw, avx512vl, sha, fma, vzeroupper, avx512_vpopcntdq, avx512_vpclmulqdq, avx512_vaes, avx512_vnni, clflush, clflushopt, clwb, avx512_vbmi2, avx512_vbmi, hv, rdtscp, rdpid, fsrm, gfni, avx512_bitalg

Memory: 4k page, system-wide physical 7991M (509M free)
TotalPageFile size 12991M (AvailPageFile size 0M)
current process WorkingSet (physical memory assigned to process): 64M, peak: 64M
current process commit charge ("private bytes"): 224M, peak: 224M

vm_info: Java HotSpot(TM) 64-Bit Server VM (19.0.1+10-21) for windows-amd64 JRE (19.0.1+10-21), built on 2022-09-14T12:45:06Z by "mach5one" with MS VC++ 17.1 (VS2022)

END.
